20 41
lusububukukukytyiyaymymfwxwxwxlccdcdcdvdvdrenscs.h
rlglglgzk..ouqy.ipyzrmfpfyfgsixhjhycycycy.jr.abc.r
lclizfzum.fcf.jw.npnoymgbgagsslqjd.dcb..c.reds.s.y
rdg.froqp.ncwpxpypycsmftlgmkmibjvhvhy..ny.k.wmscvr
lllypgr.mncopwgmbm.naxm.blblbkhk.e.lclwlgimumucugy
wdgdyopopoppwpmvarmcgqfqfqfqojojohyoyj.njpkrum.pyr
lgl.dbcococopwgeumlamamsguguqmheheoococctpiumuqfry
w.yzyzyzpcppapmpmpmpupupvnonononxjysyjlwjwuwuwgdyr
lkektkqocytgpwyoumlylulvlococomehp.kcocvwvivmdqqrj
otkgzfecpckcaxecepmbmbubknoooqfnfnssyolwjmbn.abawa
fkckckcpcjckowogocznetlkbxnxcoiejlclcywywmiprwqwqj
olwthyeynykckgoeepnmyjnbktghp.wnvcviqolmymblbgb.xa
fkjkkxcsixhxumgmpcpcpclkbzsxfvinililrywy...jtwggqf
ojwyh.y.fi.hfxrxepnqnqnmkkghcmxmxmxmxmkm...lxh.axa
adpkpkcqcqunufqnqnqnqnlzxzfzfxrcrlrproxyxyxqhuhuqf
dcgmhpfififqfqbcvpnpgvsmskgdzmgigigmrwbmyvelxhxhxa
ydmhmfmfmgenjfjfjhuosqnqniiwkqkuhl.qwowyzhzcycycye
dsgxpmdqgafakqfjkjkvgvgegkgbzorarirorsimlyclcfhhvy
ydfsmfmfmgenqcqbihycrcrcerwwkwqilmwgwgtyycycyeyeye
hsffpjdjaaaamqbwbxkicickckgkavr.rwrw.hlmicckckktey
ydmnmnmwmununcufuflxwxdtjrwgwyxnxnlg.tcrccycyt.nne
htdfdmdmuhjhjzdwcmkmkiikckahaiyerwrc.h.hzhwhcy.wmc
yxwvmnmumuzuzcwflklpoxjtjilililillltltxcycywqemeoe
ctxlxhualzuhvzdwbzkgcvcvchchcgcbcwtnuhefehwhrq.jso
yxqvqvzxzczazajfjrjcvcvcavavmvmvbtqtqaqwebywlw.s.u
ctilituafykzkjdwbxrxcvmksdwjvsmmznrnrnrnghwhwo.woo
rxtvtvzxofoftfwfpkjtvcvcjvfqmqzvmvmvmpmtmghcqkfsfs
kraoxhxyxyfyfgdpbxrxkjmjwjbjqjqjqyqpqsgzgkgkakzfzx
rwtwyryxyxyxyxqdcvgoxxjxjvmvmqfqdveqwpzjmesbkb.z.s
kdxdxdxtsjflfadpbcrypgpjwjwmqmqaqeqpqsgwgkcfcfcfsx
rphwtpystsxtxplpspgpxpjejvmwmqfqdveqwkzjzpkpkpxpxp
kxwxwcxttlflflruryryememkmwmqmqmdmdmqmgmwyjk.dvfex
rldlxmsnnaxpupupungngbbnlhlwlwfqcqwqwbjbosknknkpkp
kdcicfaltlflplwuwirgrbebimimzfdldwwmkuuuf.jwpxexex
xlxcxcknnpnpnpnouojiggbnkynydrducqcujujuo.kpxgxpvf
cxcxcfalqnprpliukiytropbphrhrirqzdzdkdkdkwkw.afhce
xlsanlclnytyrkuouogigibnmnmzdrdrdqdudgdgqywpsfsosf
cxrkcfolxspbpviupqytuiuypyzqyxrd.ttdubcdxpkwla.rhs
xlxxgwgpozkpkltotogtguaamnaum.iafdduicicj.synlm.ef
cxckovolqrobmrirmbytuqukukuqy.rjuxuhuvougzkhkodods
jmkxypopontitrtrtogyaaaaaaaaao.awddmvivijwamhfgfsf
dunllqblfrylylyfegeaeyhghgxtyn.juzau....f..bbbbpdp
umsxlflfolwetrtrhehwawcmnkakakwawvdlhdhdh.zb.epbpf
dcnclcvyrlabyimfjgegeylyltftanxafzbum...fbfbftfpmp
ums.mclnkcqctytjsjhepxpsvmaaaaaaiail...hf..popugvf
kwqcqufurgqmyimmmgqgxdxylvmvnvnvfxfu..kupupuptfpju
wmsfmfmngcectjtjhjhmpmpxvm.augsaibdb.b.c...y.qugvf
kwawvurofeqmtimdmilig.oulvxvninifxfxc.hu..cpb.fcju
wgwxmfmfef.oltxpxjvjftvxdyuquqsaibdo.i.c..my..u.hf
fnfmfefefeopohouuzjvjvovotoqquesheuuuucucufufufufu
