68 37
...x..Kq..bt.n.....c.b.......Th.............K....Gh.b....T......Ku..G.oGT....T..iu.x.....G.z...s....
...KGK......T.....hcyrg...GG....G.....T......Kk.im...sG..G...l.....Gd.k.....G.K..G....G...TTT......K
.......KGTx....u...y.mrT....y...Gq......GG.a...............m....K..GG.G..s........j......g.q...GK...
.K......G.l....G...b..lK.........i..G...d.o..re.kT...G.xi.......T.o.K...G....G.....G..G..v......TG..
...m...........m..rs.xb.m.b.....T...T.n....i.GTK.T....G.Tf.......o.G.....p.y.K.....k.k...i....G..TTg
...v..G.....K.pfv.Krrxcxx.jxbro....T..y...s.........x.v..G...uow..T.K.T........G.s..K......u........
......a.....cKx.jxbrobTbyccn..b...Kl.G....mn....G.....GG.d.............G........K..mTpK........G...a
..Go.K..T.c.Kdobbcfybx.Ku.....x....K.....G....G..re......a.l...oy.......Gb..TT..................GG..
lxbb..c.x...byccT..T.G..G.....Keq..G..........vct.v...g..h............TG...........G.r......T.zK.v..
.G.GG...b.c.KTrxrGo...T.......xo.....s.o...............u...............qz.T............Tv.qb......G.
...y..cx....r.xKoankzgrg............G....Tf.GT.n.K.......i....GT...........G..ce..G........rqa.....G
....G..lf.Tbb.x.bxrdyaeyrg...Gj............G............KG..........TTG...G..G.q.v....g.n.....r.zK..
fzgTwu....z.xpz.xj...urxbKbr..x.Ge.wt..aGvy.........G...bG.....G..K.G..G.K......KG..K...GkG.......KG
.kr..elKb.r.qixbrf..Kk.eayxrg.b......Kov.........G.G..G..z.T.a.K........G...p....G.oT....KG........s
.cx.byxcryg.xbs..o......G.j.ourx....gTx.T.G...tG.......G.G...G..........G.myKG.....d....m..G..G...GG
rryaeayxrgo.x.c.bg.....G.k....ob...l.T......gT..l..pT.Gk..TK....oT.....n.......GzKG.............q...
z.u.T.bc.....w.mvr.xp....nGxx.fog.r.xr..GK.T.......K............p...T....G..G.GG..KKd.T.......o...p.
e.TT.G.b.cf..orohxTp.k.brs.ax.g.K....o.G.......l.G...T...uG..k.b.T.Gf........p....ve...Gn....j...G..
xGo...t...jG.n..p....a..z.Toq.o..T..G..........u....c.....j...Gf..eG......G.T.T.eK.......GK..wT.....
p...xxK.a.x.G...xoyxjfogxrxrn.f......a........G..f............G.....d.s.....v......T........To.T....
th.rz.T.......o.o..G.rel..G..z...T...x.....TG....T....rT.w.G...a...n....TK..w..T.......h..G.......T.
rf..p.rK.u......z........htT..xxf....x......y...bG..p..f.j..h...KK.G.Ge..K...T..G....j...K..g.....G.
q...xa.TG..k.cxcr.cK.T......n.p.GKT.K..T..xcT..T...vKGK......i............ksa..GT....K...Tu....f...G
dTe.ey..c...Tr..q.f.............G.yG.f.Tk...G..i.....le......G.kT...G.......o..i...K.......G........
r...zxGG.......Tx....TG..T.dG.kb.t.jfo.......s....Gn.o...v.d..K..GxG........G.K..T..KT......e....G..
oxy.rzGK....gv..z..G..K.sGsGG..brs.r.g....hT.Tf...mG.z.......Ge.........G....GGT.....dG........G...h
gzairwoK.....xbsn.oK.....................jh..T...K...T..w..G...G...G..s.G.....fp.T....cG.T.....G.l..
r.zlg.T.......T...r.....o...K.d.......T..Tk.TG..f..K.......TG.j.....G.K.......K.K.........o.jp..Gr..
xgfco....f.....TG.o.yr.............Kn.....G...TaG..G..T......GT......G...Gh.KT.T............Kg..d.K.
y.xyap..K.t....Ty.K..Kw.....e....l.T.K....K.G..T...GK...g....Ga...Tq..y.GG...y.g..G......G...w.h..G.
azyx....a.G....p..onxK..T.t....K..nT...q.T....G...a...e.GGG.....TKG..l...l.......K........h.......v.
ehzea..G.G..bG.G....r.Ks...fa.G......Kr.T.GG......s.k..........f.....................p..G......j.o..
bTeztzayxrgok.u..o..a.x.tTd..G....a..p..s.Gnm........Kq..G........K..G........j..GT..K..v.GG......T.
x..rrzeh...w.Tn....G..zs.pK...........r.K....t.m....h....................ksK..K..K.u..............T.
p.g.gT...T.rq.b.....G.n.GxT.......G.k..a....e....f..aG.........K...pT...Tr......Trz..l...e......j..h
..orzayx.y.xT.K..y.G.Gs..mw..............G.h...n.GGT.bGK.......Gw.........t........d.K.GT........nG.
.......p..T.......vp..K..zf....G....T........GGG.T..Tp...........T.f........oG.....T.....K.G....uK..
h...GG.x.T....i..r.KkzwKTs..K....Tf...z..K.....T..e....q...jw....K..t.....GKk............K.....j..G.
e....efc.........coG.K.GT.........e............T.T......eo.s............GT..yG....G..Kdq.T.m.v.....i
zgxta.lxg...w.T..x........svK...............G...........G..bc.qcG.G.s....w.K.T....................K.
rG.TTr.........T.c..GK.k.lGT..f.jxrc.G......rK.b.c...o..T....G...o..w.....G...Ga......q........G....
o.....G.....Td.x.r.GGv.G.....T.....x.d...T.......j...a......j.u..vKvz.....T.........tx.x....s.u.G...
gp....T.G...K..g.x...i.K..v.Kc.K...c.........T..T..Gb.aKKkK....o.GG....G..i...K....Twq.G..G...G.T...
.....TG..T.G..G..j....h.n..K....q..r......e..cxdr.T.......p...i.i...h..ps.Tt........f..z.....TGK..G.
..G..K..nGd..wT..f.T..u..TGj...K.zG......qh....w.o...y...........l.vi.........g.....i..Gc...........
........GT..........T.v....z.K.....o.G.GG.j..rxjGj....G..Gm.G.v..k.......uG....K.a.uK..Gf..nG....Gx.
..g....Gu.G..G....o.G.sb.....KG....j.Ty..Gr...tp.Kx....G...y.p..b.G......G...G.GzG........msm....i..
o..G..kz.......x..rh..hq.f.T.....T.z.....tuoGdTf.K.....s..........T.m..K..xG..r.z.p...Gz....f....G..
l.d.G..a........vto.......Gax.K...fwp...hzt.z.s...T..i.G.........s........T....h.l.K..G......a....K.
.n..h..G.zxq.K.csov....Gp...qK.jG.......x..z.nv....asT.q.s.K.K.....rp.......dG..K...........G..G.m..
TvT...rbGn...Gb..........Td.....j.G...s.p...n....s....G......GK.w...T.e.G.........GG....m....y.G.p..
G..s.GGwjs.qxmzs............v.G.......K.....K...olK........Gp..Tj.GT.hg.TTT..K....n..k.T.GG.Gq...u..
..G......K...........k.........GG.TT..KG.GT....K.p.......m......ou...GK.......G..ck.w...g.vy..i..G..
..G....vs........p.G...uK.............e.......K..ihzg.Ksv............ia......b........K.o..k.......K
.........owzko..GG...GG...TGT..v..........................T..g..r.Kq....Gmq....ibi.G......GTf......b
......rcxcr..K......wk..GG..G.uGG............v.TG.........ofbi................G..K......r..G.G..K...
G.G.....G......f....T..TG.....K......G.f..G........Kj...T..p....d.r......K....qG...Tc.Gzo....j......
....GG...u......k..s.TG.sop..G.G.Ti.G.....T..............y.jnr.cx......bG..T...Kz.t.........T.GGyK..
......p..T.....f.l......T........d..y....qx.....m...f..G......xG...u.y..G.....GGf.TG..zG.G.l.v...y..
h..Tmiw.G.b..........G.GTq........GGi.o...G........G....T.zGG.....................Gu...G...x........
G......p............zK....T.KK.i.G.G..zGb..c.j.m..G..........a.T.................l...c.w...Gx......T
TGGv..bG...GG...G..v.g.....Td....K..jT.z.u.....G...G...G.G...s......j...G........G..z.n.......G....G
G..GgT.......T.....K.GG......T.....G...u.d...K..G.T.xG......h....n...mG..fd..GdT.w............T...G.
.b..G......K..f..pu.m...k..G......eTGu.v..c........r....G.......Tdk...T..T.m...............t........
.....pG..T..q....T..G..........G......Gv..r............k........T...g......c...T.o.....l...........z
...g....T..GGT.Tl.e..K....im...........G.j....KyT...T.....t....G...T.....GT.......G.GKG....ed.....GK
...G..a.........K..v.........z........d......G.....G..Kfz..........g...T.f...Gkg.x.............T.T..
...ih....q..m....T.T..wi............Gl..jr....m.KK.....oGl....G.....eTT......pTG...w.T.G....G...K...
.G...Gm...a......GG..KGK.....T.........Gu..w.G...GG.......e..k.cG.v............Tf.....G..sK.m.s....K
.....K....z.........T..Go...w.K..s.T....z......ht.T.T........b...f.k.m.vv........ag.......t..K....i.
....G.e...TGsGG.G.........Tc...G..lo.....a.KK.....T.Kz.b...Gm.G.Gf..n..qrT.........nx..T....GKKg.K..
.G............G.......K.......TT..........G.i...G.........KG........KGG.....Gg..lz.q.GG.....K.x..c..
GT...mx..p.......TG.T.jT.j..TGr...m..o...f.G............a..n....GG..G......Th.b...........G........K
.e.TG.......K.G.j........q.........x...Gk......f...mv.T.........K.fG......c....sG.GT.T.TT.oG...t....
.....f......G.G............Kw..v.....G.......G......T..j........ce.G.T.......r.....T..........r...G.
g..G.u...x.s...q.....G..v............G....G......K...TK.p....T.....T.jGT.....T...K...g..KqK.......G.
.s.t.......Gk...gaT.........w..GK.......i..m......K.TKK.....T.b.TT....KG...T.......zw...lG.........G
.c.ii....T.e.y.....G.G...eTl.....G.cG.....v......jeGb.b.....T...g.t...Tx.r....K.....G.G.Gy.p..G...t.
.T....G..cT.........m.o........T.mi......G...c..K..KT.Gy....f...G...z..q........j....K......GG.g....
l..e....G.j...c..d.T....h..K............ha..G.r.....G...Gmr........K...x.....K...yKK...G....f..uG.q.
..G.p.h...K.......TgGG.G......g.T..Gk.j....G.G..n....G....G.....T....fz...T..G..T..............dKGT.
..G......dKK..bw..GfG..G......G..b...pTT.G.......zr...ya.T.....n....G..T.T.qT.g..............T.....s
G.......G..T.qK.......T....k............T.............T.........GT...p..vp.u.................dKT.T..
.G....l..r.GG...K..........K....r..G.........G............G..K.........G..TG...Glm...r..K...G.t....c
f.b...K.v.....yc.......d.K.........G.K....K......G.T.TK..m.f...w..TT.t.....G.lG...iqK..G.s....nj.G..
k..h..a..g.......K..G....G..G..K........T.............................GT.hK......K...T.d.........GG.
ib......G.............t..........KG.m...x.............dK.G...T..u.K..x.G.....kjTK.G.yT.............G
.....K....a.....TuG....T.G...............GK..Gb.K..KK.....GkK.......l..G....T..G...G....KT....KT.G.G
t..v.....d..Gs.....gj.b...i.....KsTG......K...Gs..x..G...GG...T......h.K..G.q.....z...........k.K...
.g............l..KG.w.d..oKGG....t...a....K......k......G....T.......G.k.k....ojK.....Ttv....TiT..e.
...a.......G..s...Gi..G..vK..q.......K....K..di....h..GK.w.a..l..v..G.........K..g..qyik....G.y..T..
.GTGl.l..........uw..g......s...T....pGT.i......x.........G.G..xG.....G.G....G...n........pe.iG...G.
..b...............G....Tz....G.s....n.T.GT.....G...s.f................w..tr.....T..s.....q......G...
.i...c..z....Tz....................T....TG....b..T......G.G.uK.....q....G.T..wG.................Gz..
uh.n......TiT...ms.r...TG.n..G.K.T...c....G.rK.......j....G.K..G...TGG.o..T.G....G...u......G...d...
...uG....GG.KT.mfGq..qw........G.G..j....w.G.bz...e.G.....p............G....x...hgG..TK........G...G
la.aa..k...Kw.....r..T.....g...j.GipT...sp.......K....G....TG....G...b....h.....G.G.x....v..K.......
....G.G...g.KuG...T...up.qh.G.....G..K........TtdG.K......K.tT.GGT.....G....k..c....fG......sG.....G
T......v.fT.......z.....G..G.wKG.K.er.............jG.T.....aT...GjKK............G.jTGT.......G.k.T..
..j...bK..e..wpG..p.............fT.G....G.v........z.z..........G.....T...vGq.fGT.i.g............zK.
