Zegnaj, okrutny swiecie!
8 29
pwrswcccbcbambKbddabmbkqmizczbbaebaTKzccwsrrbawrwkbmbztadhzhdcs.G.G..Th.cpzgccGGTphpjzczoirzcpxtrdog
cKdbccpcdaqwtbc.wGzKidbdttqecbwsvmbbz.zhsdbzzqstaT.pzymdv.mGamKr.ztozgbKz...tb.g.dcqojpbm.cz.znzxbGz
corrjcgonmT.rbc.e.q.admm.o.cyacrmadw.cznalbzcbdccstbzzvyb.sGtbolzqodjtherzTqfzkmjeihdejKvdphogzvzzlc
ccccccozbarrybKbbKzdtaascbcccwcbbcdr..qTmdhzhdcdeacdybTav.t.zmozbg...qmoih..rzzmzajfT.bpb.dc...cm..k
rpTwdqKrzba.xbvarabzgdzyzajc.swskbawpcmKba.dbTcsa.nvrmdwbredbnmooznx.qpjppTfbssptnjnxejfa.vq.qgmcqvd
acprdpmkfwvawbricearcdyrKwacbrcTbmbkrfidbstpwnzmbdcawbatabmbbxxT.alqaepzcek.vTr..kcnvbvmussbzfTou.ny
aTmlbaohdlpTjbclqqphmbabvddfzbcapcTbj.jGbrwaKdrwacdbce.bxKTszcsaskmjepscvTxpsjgwaceTtunznTxmTk.mxmpK
oTfKscwayrpmsuhrcapmzTbmbxddbacctKTmx.tTdytcpbysrpne.bmbzqsazeqmqkh.htppujufoo.dGrx.ithczyabTmTjdcGi
r.TzlncbababababaacpzTgeKwabewsrcmbkbmbadapjfczwkhsr.eGzp.scyzrzfgzdhcTejnhTenfdmfjrxwcuabdacj.og..d
lwltsKlacldzq.acTTdazsdycybmbrTKcvexcdelTshhfnzKbmvmzzrgsntwralmKqpgdodzxzi.ip.c.kdjnnvijKdtyevxqrGb
irryvatrpoarqpdcqqzdrzaewpbaarrzzmdbkxrw.rcussrdejxbpr.mgcdnnnb.aljzjpjjxegTgrcfyezzmvbyxczpeezdjzyz
rG..hdcwrpcKdpdTksaGmbdwubcKlfvhwbzdaaigfrzbebjpjnrkdjibhbhbzrlzizmcjothqed.dcKm.za.zTbKtcT.n.tq.d.t
l...z.facaTrngrzpmaaradsbaTezrbdmbazcsccushzsxtzdxzbrvpnjorzrjmzTzpczrq..zg.e.tx.zerblg..zkaermzcrea
w.T.s.zrcrravbrrTpdbpardjTdaddaseTzjreule..acadncebmarabbvzcnnyTezzjesitdjppqkcz.jp...z..mv.xmzKea.k
K.a.KaqraaTncr.adpdqrarxbcguwmnqadh.srzitqyjhKebddabTzvvdpanwhtsbdfpcpdvpeabfxpv.ezT..evqot.v.x.Tc.k
l.zrddsTrncdbKrvlTj.TrpuaTbKdbe.v.T.njwy.jTzrvTndzedrKfxjz.fapnfjijhpve.ejnhegdeTsal.zlczgvcnmtcob.a
iToqKjp.dsawcgaaarrcqvctesmaKrbjsewscmcsjzhzrskstegohcTderzihdnaqfT.vitmpyambcjq.rdmrbvdkhtzvxzcrdit
aurrwKrcnKctctG..rrqvcczaybenTisdbbrkbsnbsbTzabdgbdbnkgmpzspdcjbarscsrizcybjnzgotoTnch.T.eh..xjjdfyv
qis.qqr.w.l.o...aspm..dbrrxjldcrncsnTgk.GgljoKTz.yvlbrwwyTwjejnhebKbbmh.s.KgzKzTszczKadKdyvtavzzjd.t
qzcsrpodqcccresa.hppsrdabrzT..czuiGm.evnvfecrcfdjbnbaezmvplzynezT.al.kd.p..zs.p.lrdKtrkjbzxxvzvpjbrh
Tkntrnd.K.q..G.r.tsb..t.crbT.afKrrfvnqdfbvlampupetceetKnTTecdrvfrmkfqfe.chTczzgwzy.mif.fft.neokcmsqj
sKpzsppd..r.T..pTwvqrrkvq.Kxrzbvthqmeqrx..casetclqvcz.Gebrxtssewsvbfpfjzvz.ltzzvfcspespzgkfTtvzt.t.z
ktr.w.nq..or.wpd.rassabbbakbagnezlzz.s.rmobvtzzg.tm.u..bc.n.v.utryrfdwnTvdhejxhmjkgmltTcdg..KjzsrhhK
bzpzcjaztvrqwq.jTwkrfgdaKqnzqKbasenbmabzTcsrsKqqaKecdurjg.j.t.fsnzfrmkfqv.hzuvm.z..q.bGzTmckzedk.fid
zjpbczlhorc..ex..wKzrosdvzahfmmbfgqrrdzmpphacss.gvjsxTdibsulbodKKKTgeve.n.deqzomjoxlqp.yrpvodsbs.vtz
ircfcarrfrobst.vsbyrrcjbT.GwrllbwvbKzcbtb..ms.G.o.bnebrvzshzm.mimTnbrhnpp.ptGv..zz.fzfrmccogrccmcybt
qqb.s.asqwsczircKsTxrr.c.l.uy.bz...bvumir.gbvzmlbiwaiTnbw.pw..fawbikdkjeKajcvpKzcp.zc.qzfpvreaktvthx
mjrtmpasrjjjkpvwkf.qnvaccrwgaatxepmdrzdzrpubaqzv.awTkhwmvnrsmynrs.pgbjijfmzekjKjptxymtzdKmvasba..knz
ahrjdaornu....aevr.vGb..GTrclbw.d.u..mvcylacblijyzv.aue.vT.dfjconhldpgjhpfdjoo....GrzxozjtKjoqvxKdvm
asearuabqqG.T.aoqKckgzbnddaygbabfvdizlzpedzsitujjdj.zagThtmzajfpphzlxcmlavxahr..Ghdkz.rmgsGchrKG.vhc
rc..rjdiKdcqragfrfzrjabsdriewbsfn.c.jTn.rolpbeysajKbsbwbgmKxvzvbvhscsqalbodm.t..K..drrdfeevfxakstkig
pn.Tqs.rhiaerojprq.rTsawsgTTiazfndg.rhxKvepsbyuewsaTmlzKozromxevgdjmThjtpzGs.vvT..yvd.zjmjpqeaemzm.r
dr.pcbGqcrrnz.srkr.sxteueavcTpivcanafnnaahzrTmzTsvbfzrlmjjzcvdkrhdfvtfxhtrwzyidb.TKhb.tehvchvdkkdijg
jc.KdpTqbcbmmidnendkTzvwiadv.qkadhlapajT.Kvn.lKazwbkahvpTrfvxvcTswvfnjsrzmzvtt.z.tzcvohxrt.zjibT.aro
ldzTdzrrtqrip.as.jj.roqTqalsmfcvlvnqazjKoqmiTzzdcsvohTTmGxbdnqbkrhdnvapc.azekam.Tcpov.terhacbbymz..q
wdqwrKcstrcmbuysanl..ab.swzearoxjKqjvwzvjfdvviedsvsovnbjljiKaeroatmkvzghiecthabfs..jt.slrtbr.wg.z.yd
qsqqsqqtorrbstgchd.plje.adbGccKokgddirgvbdoshdsjskyddcKpznmlagsbaswmcmdv.dzmap.h.rewt.xndzffovfuzslr
rrzppasKatpwsebchKqdcbyrrdja.eptefwhqhxlTfrrfvopdbpiurdmnjezecqbxbgTyt.thmvocoovogvKmrmdlese..j..t.T
oGj.rftfkl.rfTjraKxdzawvzjdhjvTmkehKadlasTeaKxvmzgTjcgcgctgozijyvdKpssTvzcpdmzrclkTz.ejtoocevezjpmjp
byvlpzvTotnbhcvaTKbriiaTdafKvwxrlvgaesvaekrhdvrTz..yThndTdptqTyzmfjtcsblrasjczenpKg..bsTpzbkvsdT.yxt
l.aotlKraaygn.ro.cssdcjapK.eTihvTzxekdmlbbtoKnm....zexagzea.T.apagnmgrKKbbjzcsamrkub.lz.rqTz.iTTKT.m
a.raazyqlwfibpdf.ejK.cdGpfrdbTnaawbszmvKaqsrg.ipdvfvulvjeojkmznzybxzKantTro.rrKsobggevz.gmzxhtvtxaer
yTc.oe.ojtTae.cvtfmsgfj..K..s.TKutkexTdyvlg.xtd....rtbw.diwdhmirkzverihTkgKjwjtcTody.TppcKco.vjo.KKd
bwKvrzTrbmif..zlhrTvabfdpaqetrlzzzviarfddKyyoymkdhmdjuz.mtbjeiqKq.tTbdtmrmzxhtvcxvdyzmG...G.K.pbKvxz
pjtmbTavkbmvacTm.qpwlbTcvuwhzbvgnessKrcTwv.duhjijKtamlvmpdd.nTtlvTvkekTyKj.l.r.g.TnG.r.T.s....nKT.gx
o.m.qotawzaxcsbqlfvambTKac..ova.s.qcppaspkpadpi.T..mhzexj.z..TpTzaxfwzotjmbuvzcpj.t..TT.gctTz.Tg.Tpo
ibb.acz..Gdi.jebnd.tTyaxscegzkvrTGv.TmwGhs.kcdci.KhlllfmvujTTnn..pnvaerknkyfcjmj.mKKwexTrtgdvqgcgtaz
arratyqzTdvoblmzbj...rbmhdkmtoyzcdsnczp.vc.zpez.zahvozxTmzdzqgncmjndijedpfzvcpcp.Tdubnrao.x.T.uktzxz
v.o.sohawacfvbbfcfufrfbiswwvmffGzlqbkrhdvwzypsjTnetmoKhazngristgmbjpKlmrbqmgnhmsjplw..m.t.aamvKT..rs
e.qKctro.aadvmfsbjsa.qbr.szpbskbi.bplhofqKidvfvrfvdejnjqvafsuTphaklGdddmngvhixcjsm.j.gg.bhzjccdvTgrl
ilr.zvubirmvmzkzuwlahaaKjtdqzjsrjyzd..swnjTdgwdexzKvTetxupprvklxgjsmuwhkrzxp.djn.d.jemKmatbhg.zwessr
zn.ltgia.fzTfhmiyqddTbkzo...omdaribuvzcqtmhjtavshwizzcwmrtjjzswipxgvdgzTepvwegehgetmxczzbmcitsqxonjl
whd.ofxcaKgTpgkodpizvtfyji.bbcbglycsjuhdfvmmkrKTnrcypTzKzjomc.jsczmiysrKccarsgveqqizezcpkjcTlqgggvms
kvrmuonszl..wmmaa..zlTp..moclzpetzsht.dzhghjtosjfdvheqtfjjgki.ejea..titmhzjidzggdeqtqTtaqzzahgctKztt
bfflareaTizgdmkl...Tzyrr.jgem.mcavaeuuwccavzrcfei..jaTv.mzgjmvnbcbrscp..fuxmrcsTgg.rasgvTbKkregpbksm
miovpieppkGk.rkvd.f.caTGqc.KzbbzsgbKjpasawqzmkssvdmp..tspjvfgoxheiwlpzT.g.gtihitabtocpjtgmabktev.ney
axqTajypvsTk.p...G..scTTvgd.ujvmnqraqxarhpmKifzmbad.xhjsmfcjjorrns...wpumfnsonhjgp.TgkiuvzmeszzoT.tK
yabTmsdiwvvfopyqh...obc.rvebmbjvdfxue.T..fpp.zopmT....odKtudpmjgm.tr.Kh.s.Tzozpbdgrst.aavmaaaiiqqegp
jmc.ooazmsi..kjTo....cccecredmpjekmyueqiutht.e.hG...Gzvsjqvgabtyvlas.KsTmzcsj.m.ltrtKtbrtbddkbygfwjz
gvnaeanjprjsKkwTaaswmztrvv.bevelTmisgu...nsfsjwvdrjzmeeomxrhKKoqdh.ulhgdwhvzrdernlmgtnoejbclznm..Tmg
zKfartcrmTamojivecgalmneT.rTvdwvrjyusyda.zxtepwpvxdfcawpz.t.T..zg...ralmoexbnmduKhnokhrsxekztsivepzj
wrlkavKdgmhu.Go.bm..G..T..f...rkgm.mgai.Tgsmuzaafe.qGoa.csmjlijizpcvpwfeT.zafntKcspcdrujbaTsmtr.dznk
Takfjgtmkajjv.a.m.e.......rGGredmpjevmh.hha.Kl.qbnmlagKaswmgrK.z.l.KneTgcKkjej.TolTbhymKrdmtsmnumygh
zjKvwTknGjakfw.jj.qt.K...trwddjhv..Tfxp.zkbebnppabsmgKozzkzs..KpzrKatjzhgeasKstmqaTkgzpsxofekjK.umhT
dvgoru.vjoqm.gTGzKo......afrlrznkyucjmcTej.oazc.dzps.iKGzh.wT..mri.tzzuaqmgtfKKepjevhpngpTkdqptmrmpj
Tj.yyTmgmkmhtKmqa.m...GK..hh.KbwKddjdygKsgztkuq.p.kK.hw...Tzk.dKkt.gkiukzKdKjpmsxlTsdzseTtsftytprtgi
gmTvtkszjd.fkvi.kuxragxjfjv..r..T.ohohT.ozrvbmsyh.pjakv....ks..qmjffxttbdfhekssnq.gnzcosKhgzqlkvgrmu
pgGrzg.awp.d.n..zG..x...hov..pG...hTvosntelpmdrkbxagouzelgplh..jrqvzlpfjsjvgfxhmtwzozslsv.mtszmfzggk
Kd.vma.y...i.vatr.TG.....ml.dfgvesoKqaxvmqrqrjqpmevfKis...TevhjidmtizldapvpsT..kmltlpjmpikttjTs.xmTh
l..m.G.j...j.jo.p..K.....jt.ipbz..hGc.dqzyj.zg.q.kswlGnm...Klr.Tii.j.s.eKkazi.zdjotjhghgd.TjTrpcotKi
zbczm.agftjzvTzgjjzsiK...rdgmvGwl.abzmqmstybldlszdcxeveczfgpnouplKTefghyjjnt.jfdm..o.zgdsmgTegnTzsat
jvKp.bazvpaovyjvuzl.T.jG.sf...Ksanhxnvpvb.z.ogzagvpzpwtshlpclhvfgtsKsmvqeglguhigksbvT.hcjuj.umpnlolg
dbgf.dobfimvKjhybaeKckevzpgbj..ppTsKvezqksrKvwtqblpvgwotrzvaczmasisn.ujfzwsvnuKdghdrohcpzKmGjtjvljvx
dckjhvavjKbsiKx.otk.v..K.uvhmp.eetvuzplTvsKT.dot..KrbtuvTmqdpsnwKsuad.qdisntprgdjn.vaTepevpegntzsxfg
qafr.ajryoc.pejjwfb.b....xz..nTv..inrsxTsqvezjpmjptmkipdsdwgdzj..TsdfgjygjppKemtkbdjpvozzsjrKvjlzlsK
tmshztkljiTekfslzpi.f.G.Ttw.gvcllhgemicgKd.u.lGx..p.tlsmnkGtuiea..cekvThvKmdrvc.v.Tlbstsllglnejpbjzd
vhlw.TnygcohasmjjvT.iTT.ienszel...u.v.b..fw.Tqgpsjwfsgr..v.guzuqcffjkutmgotpekttmsqtndyuermjhgvkttsz
zjzgzgawpfhmsjupao..g...G.K..ljKK.fhjTl....arttmxjfjomjrdwldjqeugTmihvKwpcgctzsxormTpdhslajmngstawzq
iwpttveqvtdijcTmma.Kvvihaohxnvepsrn.i.o...KfvpagrpauvTTeegetTygik.zz.ljlrpmvxchsxorhxTlmipgtmKKjhgcg
palvymkfodyqvdzghvpoKjhxjsvkwpanmgrmvshuho.qpngzslimglzbmtKy.vvjifpcTc...g.mxKtgpTgsifllxgfsdTuTaimm
mvvmrjTvpjwalvgdmn.jl..c.G.j.mb..Tdpzvg.qfK.oadln.sbd.ilvy.czgTqg.b...rgTh.b.javg.mjlagupghsnajeiejh
mmaywgTrwKjhdjzrKgmvlG.K...zGhhjjwTkakKtK.jdxvtvzkjKb.pl.j.qmhubasmjjxlavcKqzulhikvuKvpgovsmKegzwdgt
u.mojsatvskbwzldKvwndsrnzsisTxgwcrdhlwG.G.mwvhhx.uw...kvclseabp.ewsfbuueqiatpeapblwtihgctpcfhligxnka
s.TnbmwtTvTngnjTTj.v.T.aKf..sla.uykxmnjejkdgmmmiTKdu.davgqfkpjmpjmcpdztpsuhnwgfsgGTmkchKpvvgqlzKgzwb
l..khhvzvwvzhhK..d.n...dy..Gjmqbzt.abmo.ovKqzvTKpivfzjezcqygplcpvj...nKh.pljmzijwhghKqnxKcgmqhgymrnt
tkbrxishkwyKdv..TwGttwqkemimsys...owgbktmokjnevsTsy.zeutfw.....zuoqottasshfgwsgpxjimnsolvhzmknKec.bo
.iqaadktepabzmmljpmgdrTb.G.cpudzh.tramkdvbgzboezw.d..nu.egvpzpwwzp.hrqTffsguhjqdnfkuprlhgdwmuzzaggsc
mudzqsimmmvwwvmTakfw.mdqfdvmag.ezzfTbmb.fdKskvsqvqfdpnhbK....GwlpnskljmhTxbelgpghzGhagznKTTKp.Tlggrp
jhoaplrlxhrabockjbjfop.z.GGlmGa.jGdpdhhwveziknuTxjzyjrwkzKz.bGzpl..msmbrtxt.ljagzkhrutxpsvppcjuigdos
ao.pftdTmbKwzmld.vgrTmr.w.Kgh.o.d.po.sTKkajkvipjiTc..losfbwGT..zzrgl.dKddwtpnbdguKevrjszgovhntpkiuve
gc..gKzTaavckmvbmmhhbjgwg.dlmavdigwwpkbwzmksfGl...q..casiebzfGiwziqnGzhtpgqwzfshsvsq.TagagerilmjTzgm
ng..kbnaypdamKgbdzmfkvpndhtkkt.KjGig.slvTezTu.z.dpv..trza.KvgKlcr.dden.rTovpud.fvkbnzTmppthyginlmtwK
myG.Trk.uvkliTo..bapgmjermftpdljzwbkslzzGbvv.Ta.kggholhpoTh...upaGxnKlgrlhgdmjsjvvlkTgvmpcqvaTbpeopT
jdjfrgvsgwjpvoywvqabdklivbmTidjgp.xufm.Tpot.krhkuoghmp.b..eG.G.zwvaweq.kouapbTnTps.Tsgge.Tszxxmtsshf
vshlwammzvbjkovtrzK.hzK.mmjzzmo.v.aG.Kt.awlraslqjKdepnGgK.mT.....nKoilivshgxgczkveluTvjgeprptta..hKg
fraGvrgvwzhgvaoatrkvjoz.zsvbhot.skbwgpdpntmlm...k..rht.et.b.nhlrvtpsdjcfnpcvKzwhzoghceqgkrcztlatbg.w
m.j...kdrpv.vjh...TvTlboxamkvhj.wGm..gz.T.xbKzlnzumdaemk..gw.Koggvycevzwpfzmeskrnl.TvpgzmgqKhas.Kpjn
v...TrtflmaTwobr...v.va..a.zv.vTG.bt.jw..us.........pljejnmz.auhnrkptpTsnpsobfpcgrducvoiv.bhkbk..gwh
acbtmrhztavkbmvjz.tgh.p.KKtrz.k.TTvovbb.g.h.gmtu.h.rm.pjfjxK.vk.b.p.TtmbhtpznbkvsivghprjwwKbllhT.g.g
mhjqoTjimgTjscdoaveihww.h.Kbtr.iToevmhzdgotuiqeu...rkgfK.cxfT.epdwfvkrrpevluhiksptThgtKchghmhtkbtocp
