21 29
tbvbzcniwtnwfwwvhooeptrbubwjviaradzrapvo
nejeiryqjddcmyreszqmqdpwetaohulpgsbjllpw
xeanbupkkveoepeofmddequeyubrbdnbmsutabzk
pqjwtwffznqadbifppvzjwionpgloudafzvrftou
rbzvjfjuzynrnuefdazzcklrodeazzjaeorenrwu
jxvcvabraprwuwhfwdfwidqunxjujhlmabenaaiw
fdinoxiorjuihrbwkissilwjuvpxbjebwdwasrwo
pjfurwquwxlaaurffniwsrrdjxexbdlyvwzdobew
fwftiomrfzccazkfoxuelkkguwtwxdcbgwsqemzd
wvwwjnszffappwvniqwdyanizcnjdbxjbwvjskdw
yufoenbvarsosvvttvbeobusubqqicszuiwenwnw
utavxwarsnnolxszpxwcodhopjapaoraclsldbei
tyrrwhofyguekyvboflcotaafsrmeluvipatxenj
rxarlvlyoencpetbavrarffcjiplubuleroulpcg
pxlpydiapntbibcrjtlhbsqzarowbncpnlsgutfp
zeqlbkwrsajnrolcucyofpflofhrrhkciearrsof
nqznseuwsotuuwruzinondbykizvxljaxoajnnlb
tbuvycbjjnoblegsyndbvcarunbnoncafnnvaovn
nyolwyatjjbcxrjpznvrznoobfaboxjppfyeslaz
vyswowsrynutssqtkmlbtwexdtvzzccshapadprv
nilkyeovfvwmcmbdjbwxfkozetjrhvdercbvuaei
pcufpzzwmobmiqazywlyqwkwrvyvprxobboajuon
crufpdylutnoaoozdajtenvzfjsjlbdpdesmalxe
eebbvbzurrfugjjrcjjulwsvczocfrjuaubppvvn
qzpbdatzjapjewvqawwfuvwdiyevuvotxavnkxgt
fbadxuobrbxlwlwgfbxtnbvhtnowzzljncwujncw
tjorzromonjujsbtfwbzddpoznaivuunzbjwwxbw
ltssfnmgkyvrvdnyzoinrubderrubrkffjoqtebd
ikzrbzszfwtnvnplluyeahnptgcfypajfbwrnoaj
wqglqevdrstmvoaedtvgstarhbvfnxcxlchywwls
aakcuvwexjbbevphfbnmvrprjcjlxnviunqpfocp
yduenpcofzlbqnefajffcvobbawabbdhlwojxcuf
ryywwajwoosrftqncpjsrhbyujwsufoawbmbaznw
aojutwotauayowfpdzdnozifjfpyncjljtparnus
swytafcwfabyrewlcjcndueunuxiokywynrlbbnf
djftcdabbnuavajoycfwndouuuwwngqjurlnjbso
qfjipgzunwyjdwouycvplhjxcirqaoavclxaqvre
lbowjreuwhvjymwbrfxpfxsvvlxtbuxeijrbuyxh
jddojawudctquhbndrpnlnuiphbedgoayvkbarza
mqrhwjbqqvcdnbraoencjfjnocfraoeuavlnjaur
