130 124
jhntwvsuxndlcinzveplxffjftdtvfr.b.s..cGGcGyGwG..s..mG.qG..G..as..hnerp...fkdfwtaxsvnpfccfsmzjwvucuwgrhggjwgivyggyx.f.G......G...qixzl.GG.mhp...GG.f.Gg.tG.w.vu.nG..G.GGG.p..g.GGsn...mlg.G.GGxqcymcyhraz
msxa.hsgdoqdxe..uovyk.pvr.asq..x..kGs..Gwk.b..GcGGGix..p..l..vG..G.dcq.GG.Ge.behhagtiteqjmf.kwgGztplvnymG..g.pGGn.GG....GtGpG..y..Gfs.G.q.yG....m.izuk...GGG..cGGhG.G.mGf.s...i...G.d.Gq..ko...a.Gkc...r
pppns.dvjsggygp..blrs..b.Gx.Gnp.q..Gb.GwG.k.ehhGl.G..q.....G.GG.Gc....G...GGf.xapGa.....hvrj...hvzgfzbic.napd.lkvmG.Gv..mf.b.rbda..a.qiG.lq....GGG..qesp.r.oqwivphq.az...eGG.G..qs.GG...GkGjGGGkmdt.GsGn
degmfvitqcrtksno.tiox..my.ji.hg....GGiG.GGdkv..G......GGx...b..b.G..f..GbG..qt.v.GjG.wG..p..dG...o.nbre.r.hsby..iq..G.G.h..GmkGhk.atGvt...G...GGblGbk...us.tu..upi.Gv..Ge.bG.GwGGhG...G.pxG..Gm.G..yefr.
igpj.bcdrqgemsfcjzfwven...e.a...hswd...sG.....G..G.GGG..GGp.G.GG.GuGf..G.txgbgurfisjzs.zrboi...GGG.lw.obiup.p.togn.Gv..ekvGttsyzhrlxg..afG..ec.G...q.w..p.nyu.w...G.i.b.p.lgG..G.wuGl.to.....acfovytrqem
tpvqn.zzftlbbnrvjbjgakxqqwryeaxv.p.G..GG...bG.GG.G..G.z.g.ixdhh..G...r..GGb..l...GfG.qG.jf.o.s.b.p.rb..l..wto..Gwp..GG..yG.xppxvq.bsnibG.if.zG...G.sv..b....G.rG..Gut.GycG.G.G.nurb..j.gsG.m..G...wx..fy
vconqmth.rwwwun.nsoqhttheqrk.gxc.GGGjG.G..mGG.qvtjGiGtG..GpGGGy.g.wg....gGbGijtz..li.lmf.v....n.v.fvztebghioGq...cg.josygmoqnkp.kg..w..G..aGyGx.dz..pe..Gves.G..b..dzmGz.w...Gw.bsG....GG..q..Grnmmd..aw
ggvnkkjstxnfdjztxoowubokeei.GGdakr...Gs.......G..G.G..iu..m...dG.k..sv..t.by.jfjg...v...Gi...Gi.aa..blnybjjiw.Gdyry.w....e.hea.y......zdek.GG.tGGt.kpz..G..bwav.GG.Gc...n..GajzwpdGGGkx.vG.w.Gf....Gw..k
w.zmisyjsvwh.wl..atddu.wj.v.G..G.wsnyt.n.s.sk.b.Gqjtyq...G.Giqf.k...m.z.brultqh.GGx.GGiGudG....cwo.Gjoofk.gfGmwG.Gkxms.kt.vth..wma..z.fp.xj..Gn....GGGp.z.rq...q..fxyqG.G.vl.Ghp.i.js...GG.eG...m..Gv..m
lnmlgcn..bstqxxyuk.Gvfgbc.cftkg..gcdw....GGs..vhqqjG.qpx.orkeejyxpybzmd...tv.GGf.okjvavwbvnrmb.mh..edxgelplec.po.....y....e.bG.wr...akj..r.GsGGdf..ogvt..b.ytin.kr.tsewG...pGG..y.zmd..GcGG.f.rkoGG..G.o
rllwqqnxciekhd.fjcqGaoqvsvh.w..G.G.s.GGqhGs...lG.GadGs...Gz.tGejos.v..GGvhd.u.s...j.g..gmve.p.Gnm..GzG.m..ly...os.pGaj.jm.rzf..G..GGsnqjxwtGG..me..l.lldaGG.Grhw.tf.mG.i.pkG..p..s...lG..uGrz.pdvGG.G.Gb
q.hwzg.n.G.bpsenedajqz.qkGb.G..kzGne.h.m.iG...psGu..GjG...lng.j.rty...lgrvx.l..G.G...GmG.jGGG..ip..GGxfq..lj..G..w.xt.q....G...GoGq.p..G.s.uy..b.c.eii...gir.tyqGvs.f.r.mo.GnGffy.p..wGG.GnjGGwGnk..mGwv
hxv.pn..l....wikboiqskhpeGer..oa.eGg.s.mkGc.l.bGG...G..G.bfn..eaqqzxlo..t...gGcsh.w.G...m...GjG.p.G.......ajof.vG..xdv....lGktjlfwco.nz..z.GGGG.wefoinnebdyvwziaovnoyzjGaG.Gx.v.G..G.tG...GlGkG.ulGG..uo
epkpwryuaxl.bwoeqh.nlgrnnlhkipnd.v.x.e....jGGj....G..j..k.a.a.azsq.xks.iyr..xpGsnf.Gf.G..tG.l...o.G..z.f..hx...GGhpG.k...GdmfG.....Gi..tie..a.GGhk.q.xr.x.dhr.jy.ja..lkvlkui.xv.G..G..G..r.kkiteo...i..w
btG..kjl.v..e.xatqmwksontf..vGGlxG.nx..G..s..GhGjo..yy.azGfGGGhoz...jrrgw...jgu.jgf.kb.GxlqvhxyotuG.j..rG.f.rq.osvjv...Ge..a.GGkt.eoz.....oyG...rz..nc.uyinw..pG..G..du.z.GkGGGcaG..cea..gGlGoG..i.G.Gse
cl...dei.xp.Gnrjkn.kw.m..erGh..usGGin.GGr..G...o...feu.yfyr.nt.sgaqgo.z.qr..eal.ww.G..Gggn.d.q.Gvnizh..tG.qhzf.jbiync.xpb..awaql..m.wv.GGf.m.wG.m.bu.G.t...mG..Gms.G.bvhG...f.s....G..hndrGe.GkGo.G..ngr
idto.jtkc...bwesk..i...u.G..pgwgv.hrrnv.eGG..GG.G..wGhGrxGqGGezawpa.asj..ar...G.mfetyxlf.mcq.q...rzjlwxgtjdj...t..kksacqg.g..G.GGibqes..G....G.adu..fGG..f..bjvxorzgf.b...G..sp..j.hl..y.Gb.GGG.oajGG.r.
xl..xfttfrfsduxy.eg.lgl.G.GGd.bdnGvgk..lrg.gGGuj.sebG.d.p.s.Gnvzuk..cha.g.c...rG..vGqlpGypykwx.lgkv.jcc..Gz..k.ss.ni..Gyn..uk..p..k.yhGG.GGGzGb.ssGbu.v.fjeihkzvxks.vmGs.G..Gz.GG..G.h....G.G.h..a.GGGyf
evjkbb.zieseclfatzbhhw.a..G..v.rne.veeo...GmhuG.dG.yuuG..jwbb.Gj.Guok.kGwv..m.tGwlh..c.rrdnlgjhthwt.ns..Gc..murjirva.uat..vklfwu..vGlx.GG.fGlGwGjd.fntb.qmiG......j.obtG.GGGGv..kG.Gp..r..Gb.wdidx.GGGq.
w..GGp..s.hkee.apwnw.jo.d.ek...Gs.r..nm.sz.kk.tz.db.Gxbws.yh.lxavnwajqzG.itnefnzwgnesndgwlx.pqy.tqfiw.Gai.l...llmvmp..diaG.e...sl.y..kGGGlG.pixtc...GGxubGr.oy...s.GruyGkj....m.f..p.GG..G..G.G...Gc.c.s
f...Gqnpnwiystfq.hb...GGGGG.aiGb..Gjqwnhwngv..eG.jGtq..eiwcou..k.tGaayq.ll.c.mwzs.ckGG.w..gmGb.hvGcdloo.ljvdtlv..jzg..t.i....qhew.t.yw.....i....aGpg...yi..xbi.c..G..GG.om..v.g.......G.ng.u.dG.G.G.dGl.
p.iG.ttxlrsqut.ptl.e.il..G..f.GrG.h......u.c.zGG.GoG.G.uG.G.cwncxrtqmrsiwgucxo.qsse.h..k.xnqnefygelnq..qk.np.hc.Gb.m...G.kGgl.h.ypzdtk.j....lGa.ts.ew.vlwozwfpcGG...i.o.us.rtv..G.tGz.yaojeo....ik.....n
ds.lujiGnp..mj.uaqgs...qG.m..hpzt.ji...i.zG...xGm.w...ocib.isj.....ebibxjabywkixmbwin.bpdid.kh.....GG..haixp.xfgGw.h....G...y..kGel.rw.as.dxakp.vm.zd...k.t..tGo.ukpbw.l.G.fG..G.G.x...kxim....wb.....G.
q.sg.t.opd.f.p.afsG...zGmGzr.r....Gdtvln...vaqpv.....G...tem.Gzjnmsgcvmnnuo.b.rdrs.bGGun.n.oGof.y.j..G..nhfy.G..mm.pG.GG.sGpx.c...obhdl.qtwyrmsl.lopiodfncvhy.q.zectcyngy.i...j....kha.k...Gh.kdf.dv.xz.
lp.eqz...xo..ksjnxm.f.zG.....sG..GGssvwmjgp..s..GGGuh.jGG..swaxiu..ksdh.ps.s.Gswts.f.cy.pz.Geiklippt..sG.Gbiyo.b.oxh.GG.Ga.sz.d.iw.ap.dGG..Ga.nGuhe.aG.bj.puwjlj.ce..rbzs.G.GkGG.Gejfn..G.G....pG..G.qGm
qxcyxsmw.dxqwhqvbzpggrc.twhnqy.n.jjp..o...nkhi.u...oG....Gsw.o.v..vxvqirnkinxtbdnyhbbu.f..iru..q.s.G.GoGsG.iwz.wepl.nG..GdG.e...ti.msGGGc.oG.r..ww.fg.uGz.Ga.lc.nne.ucacxo.imfa.G.G.rvxjGl...k.h.q.xG..z
ql..n.G.sGq..gupiu.fwf..sq.nvzo.G..a...fsp.Geboscmts..nuv.w.ekmwh.thqxujnzl.tjncvycxqlz.rwsiotmi.yg...r.e.ttfresduxq.wqGG.ne..hwx.fp.chd.dGGdpjGczufpnegh.lbGG......sGd.dn...bs.GvxGu.ypnGbGiGd..t....G.
G....ibmu.zi.hwhyr.G.z.br.v.avfqk.GzGaGhtctx..G.s..n.h.pG.xawo.h.ownGi.i.t.pgvrxwobvgqijvgfrosig..ade.m.jtvjt.v.Gajdo..hG.Gtmv..fdf.G..G.fGpe..Gnd.Glmomhz.akgax..G.GGv.kfx..uln..G.q.tGj.....G..h.u.G..
cj.s.G.Gn.wG.lphyt..qjkhnnyrp.aru..mtd.xke.l.iGG.w.fqup..pvua..qG..r.jf.vnvt.ij.xtk.vcotxd...efijv.GGGaG.eG..GcGj..Gunn.cqz.bcy......qGG.G....w.wnGyan..x.s..G....G.dGGr.qtv.wdlyjzxr..b.u.wck..evGe.G..
kc.lz.j.wcs..d..Gn.GG.z.jo....rcwmbp.dnz.G.gnicz..glv.Gv.fl.n..hGwil.hjb.ak.mp..aGioqvujgc.dGfkwovddhvh..tzwG..GG.G.a.GkG.GplG.wktGG.G.GzG.Geyww.gb.xikiw.qr.a.G..cG.GzyGb....Ghi..piiGG.G....w..k.G.b.e
ur.owuo.mavqnnwfqbz.i.erpww.Gbh.e.tojbhdzufnwdzG..cG.mqndchqshv..q.i.Gwm.eh.Govxqcoskftw.GbcG..Gd.Gg....Glq.f.GqG.h.eG.rm..j.G..tits..G..Gztq...xv....G..ous..mb..o.yG.G.aG.jkG.y.xig.hnf..GG.wG..b.m.rv
nG.s.e.mbnn..xwekht.sykxsqs.q.n.v.uy..yf.snstitvxwrGaiyxs.uemknrGg..G.q.rvqmklntqlbobyyt.mzt.gw.j..h.qG.Gf.G..GGj..G...Gt.G.gqf.fyGqd..Gw.G.G..m.gx..cxGG...G.j.Gi.k.pnaf.j...i.me.G..Gs.sG.G.t.fc....p.
qjctshdhsyxefjbjnxyq.jvxoukx.bl..p.hzmc..c.j.s.G...wwqoobGt.htkbw...d.s.gawd.nqdpvztsqpwssf..itw..G.GwcG.z.G..l.je.hro..GGpqdGsxrtwGG.sGGok.GG.o.f...elz.bG.w..xzG..s.s.rgvow.mckeb.uceo.GG..GG.maG.dj.q
.jx..nxfwgdcmi.ch.dkshxtskg..htqtsa.kplxenkw.ybk.l.s.n.pgdyiopvrji....juquxdpjgbh..smrkpk.hyGfdmvlxua.ztkxy.fs.v.rl.qzya.lrchvovxd...Gu.o.av.hqg..G..zG..haec.gjytyol..atggzlpejjt.yrGp.u.rl.aGcG..ytGG.
vGcw.g.nz.hhypcxjyvbwvakkue.pjtuqjxcaerk.jpmdicc....i..qsagukhniclv.g.pqb.x..r.fn..puxkuoqxnGpbje..li.g.czGldpnnh..G.ax.t.Gqf.GGi...wlg..GjGG.Gpwufh..g.nGj.sG..r.fqbGe..aaG..G.....oy.Gj.h.....GGGx..lG
tG.ix.vfcozhihirn.gmsuv.zwihsscphfjposvbytud..axk....v.okfjj.qrnl..GzGG.i.Gz.nswGGquewmpsgkfwntvsGa.d.ht.....aex.e.zf.vsjc.n..vG.qGGGdGG.urq.G..f..bGj.m.z..m....brooa.Gkvdr...mi..iG.G.G...vGGs.GcG.GG.
jG.melaxrkadvhxwdzenutolss...lexxrm.hbizG.cw.wGo.ucj.G.pyxwsfqt.bkfjqeG.nhv.h..j..utjwwm.x.jlmwlqzmyu.xqcsGGG.kuntvyd.G...i..G.GGq...wy.G..bmG.G...p..Guv.nizz.ilpqgav.ptawjb.eG.GdGG..x...G.ec....qfG.m
evxbzo.n..v...Gw.zGh.ekcinsznew..Gn..qkGlwnjpn.jollwllnionqektufpu.G.fzlxum.owrx.g.ml.l.wx.akq.h..xaGaednpxfcuquGGe.yum.c..Gf..x.jf...Ga.....v.b.elr.mpk.fG.hb.nt.b.l..Go.Gal..GG...G.b.cg.hGG...G.rGG..
nGn.Gdwasp.jadbjhdGml.kf.y.qrfaflvsjydhfG.pqi..mwrxuxGllmbjgmxaxnGeGhndusna.zzqp..caadg.Giqq...fj.xgsyhbex.z.dssgGG..G.Gmk...v...wt.juy.GG.l.cu.x..rq.zd.aGtti.q.azhx.ufsyG.fjn.x..G.p..l..GGGGbb.i.Gkm.
wvb.icqdzjhqvczzsi...modGw.yyeg.q.uo.dwsv.v.icikGlGobdolsceoodx.o....z.w.sj..ytanxxuelruvzai.x.p..chuqph..G..gqfw.jnxkGGGGG.........Gy.G.z..e...bG.w...dnudgc.bffvkrG.atonG...G.Gx..GGGniGiGG.kf..Gx.k.e
wzyo.ursfytviv.kbt.kn.e.Gj..gs.ofwxf.li...pGrd.yhs.jxbczrsrpaffpgwqqkcgl.owz.b.i..padunpaxbbkv.xqpxufpworys.fxi...Gthz.G..cGsG.vz.t.fjvGcjksq.o....is.pexe.cly..e.s.G.i..pp.bGG.rn..G..eG..h.GpdGg.G..Gi
..uqic...Gwug...vnGuGGfuGsGGz.i.q...lsqszgaehp.rbnrd.amfq.gk.GxG.df.g...k..ng.vts..x.djp..qvyt.G..lplw.a..ruvfd...ooss.Gum..r.vG...GGqG....G.yhG....u.jf.rpnngndr.awgGGv.t.muGG.GqsnGG.G.G.iw.G.fGG...y.
xah..ubtf.myri..Gr.f.jtwGqpxcrkev.a.kur.jgx.cx.ksnu.bqhsbfd.ksz.cy..b.psmqgca..Gkflnsznl..ngesut.qetol......yo..G.GGxqG..f.o.yi.m.G....x.GG.td..a.g..mqiqrsu.kkcrvzx.z.ip.uGh.m.z.........Gqb.f...c.jg..
t.pg.jsqk.r.rdxGisp...f.G.n.c.hG.Ge.icz.jjvi.y.wG.k..Gajwqbrl.oxvl..fdxibh.nmeli.wgq.i.wyvp.tcnej.jcuGilg.gmhsrirmvi.vm....kGmgrllfGGa...q...ka.G.pGGGhgq.yr.arGGGbkms.nzfy.r.i...x.r.vvG.G.wc..GGGg...G
njv.k..zwgehi.r.jku..Gj.sgyq.G..chwpbypettfjug.j.ggnrihsvjh.lqyl.vGGqc.ajelqse.janorwrcs..t.akdowpqovgosacz..d.hxxxyvl.uus..x.vx.G..y..nh.q..hG.v..uGdgiocgage.g.s.an.xmxrezd...eGag.ks..hGGG.G..G.GGGd.
gv...GG.Gku.e.b..f.jG...e.x.m.o.om..vhkfulcxjGjnxnz...poGyfa.ljvkhglbergphqorG...xv.o.G.G..Gwax.qfkupwnccG..v.vGdw.iot.cGc..ejruk.nu...Gx......G..v.toslklaqmgdvulgfj.G.cG.f..GjvGG..GqG..hGG.G...u...Gt
.z.fn.Gu..e.q.wurhvgnoddwGpj..gGk..xoqdwjsaofgvgfmrzuspxzevwz.lq.cGcyu...ynvhjtbqccpveG..x.d..twvstvzhnctsyjopkdlsrfesu.G.kGaGt.G.uG.y.ab....G...bf.nygmtknrpr.G..gei..fprlpG.GGG.j..G.ta.GG.GGGkGGGtG.z
kvbwjhwnuxvGhjptG..y.GGG.G..mGG.db.eopbnvskhqps...GGkG...qy...wm.aexh..fyaonurs.dj...c....zx.mvi..sc.o.xg.jyn.j.s.uGeg.GlquG.gGm..c...w....G..l.rG..r..mx.bjp.o.jlw.G.xhh.eib.v.GGGGrGc.G.Gn..G...lo.owG
k.G.....cbglvaf.GpGbq.v.t...n.s.qwppg.ln.Glv.Gk.GvGGGrysw..gGje..rp.ml.qsyngfs.b.zs.i.gv.da.l.ljw.dtl...qbinygbyjtbqjxnz.sibwG.GGy.G..G..n.Gl.qGGGGGG.Gys.boilkan.y.t..pw.kgei..Geb.a.uw.qrhaGG.G..jgwG.
..vl..pGq.tnsjiuaw.sq.sgmet....f..jmkbsqs.qk..s.w.x.w.GjGunuyut.y.s.zxpt.trbg..p.c...GGGjs.o..fdf.v.xxuylk..qgdgmfbtkxf.pd..G.cGGc.z.bwltqnbn..o..GGxeu.fg..GG..xv.GxprGt.vqge.l.d....mk...y..GGr.Ge..Gj
hpzaijsmccj.uayvtjw.t..i..G.iGmn.suxfxnvhazel.e..hGcGGG..d...i.p.GeeovjisjaebiGG.GnG.G.GGwlcetbtlqjpkvekrolvhut..hftvfdkz.uj..pr.y..m.oq.n.tG..kG.GiGGGey..G.GGwcy.GeGG....tn...Gt.G.l...lc.Gv.aGG.GG.eh
g...d...x.gdfbmuGy.ziq.......h.w..vkawsntexeg.a....GGGz..hfsmwuucc..q...c.u.se..urdGGG..t.tGGl.eGe.cb.G.s.n.jGk.Ga.na.ylpGGrGoid..m.glpumtjca.fo..rGGG..e..GzG.GoGs.wj.G.Gqj.zja.wG.G..rGkGG..fGGa....rn
aa...mlravdlhg.s.iG...Gwlw..ng.GGGrnx.o.sGo.l.c.ny...GG..hG..q.G.G.G..ym.m...k..Gaq..Gm.G...tqhpp.s.mlmeqGm..rjb.enwGtG.o.GvG...hqo.c..GbGg.h.Gukifr.GoG..G...osvn.am.za..ea.wGGptiz.zhG.Gh.GGd.GG..wGs.
q..Gqsy.Gxg.iy.a..GGu.Geknyft...c.zqtnauz.zlznGdlG.nt.rm.rd.wv..nGr.veoy.mkmG..fGfGGGfGgGo.Gn.bsqyv.rt..hf...pasuuGkaen..qp..dsrtlwv.wp.G.b.u....GGGGGy..GGGzinG.Gfw.G..fmGl.eiG.iwi.o.Gx..GGhk.v.....r.
jaz...rjmdckjq.rwmGGsi.si.G.rGua.i.jwbjxw.rayoG.G.ha.Gtx.gaG.gm.s.quwsgvnk..lGG..GG.n....fc..i.awrudhzfbbkozjfvm.pklscnle.Gvz.GG.v.Gq.m..cmcu....GGGGnGagGG.wu..h.G.goG.q.G....dmiuGGGGG..w.h...gG..nG..
mzw..p.c.t...xbopurGvs..vG.zug.i.y....cm.phqc.....x....cqdGa.vrkeo...wGa..ss.G...GG.fkGy.ifw.x.zgjyGam..vs.qzzo.td.m...o....GakGpnt.uo.Gn.w...GaqG......brGGGG....zu.an.padjq..pnfjiGggGpG.G.GGGG.G.fr.f
a.lmzlmfemi.bjdrlp...lG.vG..sr..q.elne.wpqG.w.bewvl...jpf.Gp.ze.isejaw.lqe.G..G.h...dk.G..Gs.pwmehk.jp.pbv.djio.ovb..G.ksxGn..G..r..w..GzrGG....jG.rGG.q...tydfGy..c....ctmnG.Gi.xekiuGG.h.qG..GG..G..rr
tsut.hci...wGp.o.Go....Gosgpc.GdxGhv.s.nhhxtrrnc.o.e..by..w..G.pb.emt..okx....G.G.qk..b.v.y.lxanjljqswuGcgm.awst.r.u..yliG......qi.....GG...G..qr...t.d.obt.l.ocjz.rf.xzhrqGuGG.Gq.yo.Gk..a.eGlG.G.G..G.
w.wzcmj.d..ktwgzf.eq.G..c.v.cly..o.n.gG..o.c.t.Gu.zven.l..we..p.j..G..owpgtGeGecmG.dxrGoG.GGvvk...Gqxu..jnpwpzvizfdl.k.dsxknnfu.nur.gr..jzwlstf..G.GG.G..fm.Gh...gbf.di..Gw.GGk.swq.rGz...GGGGpG.GGz.G..
f.pp.ds.ktqhjgipqyk.l.GGgGjG.flGG.Gb.j.wfiGzu...il.Gvyc.bG.G.Gu.cg.GGG..y.w.G.Gq..GbGf.joGGd.fnqsf..nz.vyxp...bcfjvgx.wvr.n..Go.....xy.r.x..GGG.fG.G...tGGG.Gn....kart.gyG.G.uG.Gz.m.......r.Gm...mG..GG
n.wv.vi..s..ozij..bGdp.z..v..j..waymG.xi..G....pwG..gfl.G...G.mtjG.kuofyl.u..m.G.a.d.k...GwG..fzGranz.k.iGlj.ix.iGe....c.G.v..q.l.qxn.t.reaGc.cG..k..oGpt.vorq..Ghnef..pb.qrfG...z.a....d.xzGnGG.wzG....
zn.gdk..p.a.x..tf.etj.waxfzjaG..c..oG.Gd.G..fsgfG..G..GGGGG.zo..r.G...x.G.o.G..tcG...u.GGo..G..Gnqhkqflsnb..v.c.G.tn..Gp...G.s..u.ai.y.wbbjp.x..GGnGG.b...n..l.Gxi.o.p.xu..itGuGGme.dGe.GGwGvcG.G..bvGGl
xrioikegpgvvnceag.x.k.snyGG.xueGGf...y.w...m.o.tG..G...c.G...zw.....G...y.k...c.a.Ghf.G.r.GifGq.cm..fazc..eiGc.GGGtG..Ggxrrf....loz.yp.ilo.j.uGGG...GGG.G.G.G.GG.pap...bj.lgib.xoG.iey...pGscG..G....bG.
ikclGd.utf.win.ghGpjwG.zG.m...h.rrp.viGx...nld.aGfGGztG.ionv..cd...G.GGG..Ga.phmkw..tk.GwwG.bs..e.nlqvrmxmbw..gdfs.obj.mG.....G..e.ekgpn.k.h..yg.dhu...u.G...wxG.hGG.ybjgfv.la..GG...G.wlap.cGG.G.fG..G.
dejprjjta.yz.spvfs.k.x.t.oxG.GeG.GG.udq..bt.ns.GzGv.ek.iyq.hG.GsgnfGpm...g.x..jg.GGl..GGl.jGz..bl.fkcgt.w.u..aq.GGi.owl..Gs.G....e.rGdd.GvmlG.....Ge.GGGiic....vz..mG.mc..wGy.zG...sGG..xmu.gG.GGG...Gq.
za.lpgGftm.z.obox.vGGrG.gGG.yGmGk.Gp.qGn.va.n.oGn.zGzx..d.eG.zzG.cGa.b..wGGkG.w.hGie.iG.GGGG...j.Gjtw.alb.if.i.tGboju..G.GwGGg..Gp..GGG.trc...i.hx..oG.G.G..q.q..r.Gnij..tv.gtr.bkkqGGqzG...wGk..ohm.x..
ba.ksxzvxfis.i.at.w...yGGi..dGuGnl..G..z..Gz.GGisGp.GbcG...p.e.dGG.GGskw.GGq..z..Gt..bskhg.qo.Gj...i.y..o..hzwxashaoqGn..jaG.....fG.dGGpn.g..c.xt....x.z.Gowu.GG..oj..iao.nixudugigadh.mnq..bGx....G.l.k
nj.g.xdegpavjzs.v..G.aG.dGrGGzt.l.mGy....zay.rsG.GGG.j..x.Gg.bGGpn.GGj.gz.efz.idf....ff...et.o.zcynx.i..r.jqf..dq.pGf.zG.h...GmGdr..eG.tt...qeGGGGtj.GG...G.GG.dyf.GGp.qGGjGwpGwGaGuG.....G..j.pgGGG...h
l.p..olvhqkvvuofzGl.GlGm.p.fGvn..c.uml..G.GG.nG.Gqdi.g.G.l...w..iGbG...GjG.x.wyv.Gjv.ni.ux.a.eqopfjvkkcg.wxwwGdyw.ofg.h.G.d..dx.d.yGs...vkj....c.ra.G.G..xyG..fbG.m..las.Ggygiubcnnfg.qo.GGGu...vmGG.fl.
gxs.lahn.gbkyrpgiplu..z.....zu.G..e..GG.G.mGm.s...GG...GngqGi.G.u..a..g.GG.vlzoq.ns.epzc.yjm.cyfhwqjmjkq.zq.u..ax.h.vGn.GGxG.yGb....rs.GqGoG.G....GGGGG..G..G...zqz.G...oi...lGG..pGGtGdxGqGG.G.n...GGh.
urld.x.iGd.lb..iktvc...G..GG...m.G...w.g..G.oa..G.G....G.lm.b.G.GGGGn..gGGGjxunyolnu.hi..jGlesnrzmkatvsj.sobmmzqbodxlxw..GGgGGG.z.o...GGh...GgGq.....kp.hzx.G.GGh...Gpz.GlsoG...gcGj....x.gbjdr.rxqy..zG
rv...GmvGgdGG....k.zcdjG.GG.GG...gGrG.rG.a.GGw....fGGq.c.rqra.G..G.k.g..ewtfitou..hasq..jo.nqiyvwistGo.xbhbsbhpqx...nhz.G.i...GGG.qwe.s.kGGa.o.GtGGG...b.m.G.GG...oatGhGGez..w...Gvi.rG.jxt.y.d.GG.G.Gg.
lmwzpx.inlhqlncnG.....bGw..agGG...G...o..GwG.wGGsG.y.i..p..p.ndrn.G..z..o....eyfdceqg....kGvskt.klyi.oakwuqoqgxl.t.iunko..v.u..GGt.a...al.ji.qnG....xbsse.Gl..G.s..r.....fh.G..s.G..eh.v.rdGGG.wGajgG..m
plb.tbqcavom.ba.yd..ll...GGpiG..Gm.x.j..G.h.s......ke.Giw.yGkc.v...Gxco.pGG..dv.zkeiravwfgG.qj.hdscphsn..s.spxuxzxfw..x.eq.pG.mwvdGk..GGvnisG...f.Ge.G.l..atG..GGgG.d..mG.myl.G..ciiGGG....GG.pczhGG....
geslirl..ts.xt..us.njw.d.m.Ga.s...v.GGs...Gw.i....G..wb.....xri.sh.G..b.exdffsmwuutfiyskompqsprewemzrGgm.a..wGG.gxmm.cs.sd.hav.GGh..sl.u...o.b...oGG.ic.bG....bGGzGoG.uzgms..GGu.n.ri.G.GGnd.....G.GGG..
tu.amz.f.ngypvieg.x.k.Gb.nvGGj.jG.kG........GG.G.t.GtG..u...xm.Gzetg.yq....d..eGdGb.q....g..cctfr.ya.xz.aoxGGe.nggwqmdx.GrlfuoxjGwG....b...m.G....G.v.ek.k.....e...G.G.....g.G.k.Gq...Gn.clxGGpG.d.s.jG.
jppxrl..xwvn..qfqjxgpjc.......j.GGer.vG.GGG..GG.ic...GG.Ga..l.te...gxakGG...wyiugGrlkqvbhcGg.bfvpvcpw.a..c.e.GGmr.G...i..q.f.t..s...qy.zGGeG.GGg..xs.e.ppnGr.GGq..o...G.G.hfGy..hGmrrGG.GGzG..pq...x....
o.cfqu..lk...G.ouG.gr.o.GdGtcGGm..G...Gli....aGqmly...GGc...Gm.n..kvu.hqqtG.Gjy.nlx.nG.gppqsfsa..Gqz.okfG.o.G..ilj.mi...dhz..a...c...rcf.sGdG.dG..uG.zj.twGq...G..t..q.....GGz.oztGgx.p.ktk..kln.G.G....
kw.hco....x..gG.jdx.a..a.G..w....Ge.v.r.Gr....GuGGG.G..uh....pG.oGh.GGr..G.tmtweris..vGk.apc.xoh....dG...nnsG.Gsc.vdgsh.ip.uyw.nsna..hb..cs....d.u.z.G..G...ddGG..nw.GGil....GGi.wu.xa...vfGjg.mGG.caeG.
gpk.k.f.x.uGudb...j..z.gdG..GGGGG.GGG.G..GG..i......sG.a.eezhjx.makGGenGi..GG.k.nGzGb.Gphqtlv..w...kz...vs....tuomtuqwstqfonxaG.G.xG...GaG...GGG...as.......e.p.gvfv.G.n..q.n.e.t.GGlf.Gldga.iucGGG...Gz
mf....q..qc.n...tvxGusG.aG....G.G..vGGb.jkG.ocG.j....a.kl.z.G.G.vG.G.apc..b.qbz.ctjG.G.pGGGckd..a...uGmGps.szgwt.g.avnzvmy.yG.GGfp.G.xGrkqoy..qwa.ix..uGG.GGmGhnf..GxG.G..e.GmG.GGGGh.tl..j.rbfjGG..Gcw.
wG.epvs.mzs.tGbG..iG.cG.G.G...GGGG..k.Grg.oGG...suug.y..oGmG.lGollqdx.lojph.z..Gi.p..whyvide.az..io...G..hcG..Gqixa.g.wljet..gGG.ygcGG.jki.G.GnG..GhG.fGwGvfgG.qGG...GGy......Gi..oGczxGru.cdc.G.fGn...l
nqrqxfazoeiaapgwif..aqqGG.rn...Gqij.bG...kGeqGeGz.Gb.kvi.kk.d.cfm.yG.GGd.sGpG...w.w.xshwn.o...bastw..j.u.xt.G.qd.m..iGh..m..ay..G..GrcG..vu...o..G.G.fGfhecd.crd.v.GiGGG.y.r...k.G..qyiuxr..rsdrkrcz.llw
d..tz.x.h.darcy.p.GGz.zGw.GfG.d.hGxGGG.G..ph.jlGbhvG.s.Ganz...GjxGooqw.GG..Gqp.GhG.Gtj..xqwrtg.apqfGx.mjt.sa....Gp...dohrjs..l...jjdGsG..GlG..uGxb..Gft.vgcvbgi.ytxla.w..GG.c.G..ls.tulG.djhnsh...ajhpsa
n..iwdwtymsqag.ovGGqGq.po..Ghh.v....g..i.Gv.GG.kG.GGe.pG.er.b.onl.dlG.G.GddG..tGe..ape..w..r..triixgxl.Gaea.ea..g..GaxGGu.GGyhGlGG.l.s....zi..u...s..tfGG..Gb.G......dG........Gk.yn.txitnafcozi.gxwib.q
dh.odamatus.i.GGp.GG..bG.G.Gv.G.yGsn..GG..G..jfrG.G.G..G.fthd..Gr..GG.rq.d..GG.e.ifj.xumv.lpprfnr.Go.hml.nzhpwluuc.cn.GGvp..hG..f.yh.GGoxy.bt.u..yj.i....l.zGyG.t.ya..GvGo.rofcn.xwge.vn.sz.adq.a..avt.q
s..e.Goqlvf.c.GGG..iG.wjn..gGGG.Gl.G...wqj....nGwjGxGGf.dv..th.uv.dtu..p..be....GGg..vi...ymvy...gGGb.Gwrjb...suGq.yxu..a.f.G.GGG.j.Gwe..sg.G..lG.uG.gtG.mGzo..imenuhxgyltre.....tdpt..pcx.mc.zG....m.Gn
a.zgojasxai.oms.s.....uG.G.G...l..GGiio....G.Gs..xGG...d.......spa.oGn..s.eqj.....uiyxdozGrrebnctds.b.ua.qo..njkl.i.kn..rG.y..u.....G.qzxvj.G...foox.ia...rGG.qks.w.nocovpehre.qvnv.sG.G.l.cGw..c.G...Ge
bx.z.rbywzlxs.kd.GwGGn.G.m.vGGGj..G.a...GjGi.fp.G..Gg..fjmhxrzem.f.eGGG.G.tn.spptarrlzoz.tz.weexglrnsoojjb.jbhrmbb.kbfg.iG..pk.tvva.mn.we....dkly.kkkjh.nhfcfuctff.xglvaorou.bdfmnz.g..g.q.ssmj.d.n.cc.k
bG.ht.lantiuvcatiwn.GlG..Gi.jG..G.G.akzGmfgGGh.u.GG.r..G.gG.vt.c.Gy.GyGgGwuz.Ga.G.t.yehx.Gzrjrtv.hsjpvdv.q...ecqGsq.lj.tx..p.hsugqG.GG..ej.h..v.brj.y.G..ibenv..wm.isrb.f.fb.vmsxexdgko.bxssgpnucymcumrg
rqhdeznfeenhu.iGe..qGn..G.GGhGGo...w.cGmGyG..Gr...GGG...pi.Gbq.v..ja..hGu..inlx.f..swu.h.Grohnidhfaevtzd.dxi.sr.iswnnbcivgh.i.vG.gwp.o..nuq....pssl.ep.o..G.o.G.tnmouz..wxepwlGshy.zhdm.Gpbgmt..p.qqwpas
piaordwls.j...n.aqz...lG..d.z.yG.ri.t.G.GG.nz..inumqh.q....g...i.owr.GG.g.Gr.sab..kw.nrhgryw.rjonbeb.y.n.u..b.u.Gsdd.g..h.x...opGnxeaoGocG..xGzGz.q.Gx..lGinGxGukcbum.eGqykuawcvnmeifckfzwp..qG.dqGbsG.G
k..jhplfy.n.ej..y.p.G.gG.G.f...GGz..ozx..f.GkG.ez..y..k.gzt..uedbu.a...Gtsh.G.xofwztaedjwciyqigdvuss.ocww.u.t.sq.sj.GjzG.nghwaw.....thGtmbolGf.qdclGGtGtGr.ncb.qpvhlxGjG.xqbu.mm.rz.dowmh..ey.vp...vgGoG
j.orjeuvrnhakns.z.nfmetus.GG.c..Gm.w..cGGG.pe.hG....Gv.gt....d..df.uG..G...i.eje.sqvqbortrp.ooiwaquvgsxhi..Gxjc.fg.G.ycgdoz.pbz.r.uGlnGleu...bwtgqiGGGh..w.t...mrunG.GxG.iqwm.gkgwtnvfi..GGGtGG..aGfhG.o
yflrrakrqrrhm.hGwv.ng.G.wr...Gz...nyhq.u..jt.a..GGG.jae.t..x.g.G.GGcoshye..f.zhueisztyfpeeufnid.rssq.grytjpeu.rc.lxuip.miG.GGd..gGvGGdpez...yto.ftvG.....d..zgg.kqnjasxyume...mj.sm..nkbGzpeqv..j.xso.Gj
tcuhrm.gtaaex.r.f..mxjG.yyz..xGG..sc.g..Gyd.j.e.r.xxf.r.G.i..e.G.....q.hvasia.ifsqvunjljinjorxzifywbghldG.iukhd..ioxdz..e...ypm...pG.n...u..xGg.mj...GGg.v.fworbjnf.sG.Gs..mouqlcoiiakafiufelfkm.G.pvhiG
h.xrjozodwuct...t.Gfd....rlGGu.krnG.G...hG...d..y.eGzhji.zn..hdjGGlnk..j.Gavlwcoasgeeedyef.phw.lnuzdgipdrcmyslec.lglgtzhumn.lf.GGG...x.kwGG.....G.G..GGGGzGa.G..Gqza..qvomua.jfna.n.tktkhnrtdtktbwavmyr.
v.herdaf.fac..o...so.aeovkby.rqpe...GG..hc...G....a.qhfslwdrog......G...fG.h.GG.imz..tlrdkirprnktqoigkmlyssjqjgvxlvw.g....Gl.o....gmsnG..Gskr...GG.Gq.GG.tG.GpGG.xo.GGx.bllnofwibtb.dzpvi.G.ntv.jGhGs..p
m.hhjhv....lGGG...cek....xyjq...Gky.G..G.w.d...i..baijfa..i.GGp..Gdygi...svgslrufqd.mnryuyifzt.icthiajcx...xsypcpveq.kG..uq..t.sr...yf.yv..y.nnmGG..p....ybb.oGG..oa..tG...Gd.guhxwwfclzGGG...pcbxpfb...
ea..nabafewyo..q.GjfGc.GGwr.o.s..gdnG.on.i...GG.GGt.p.xGx.ubx..lf.rtx.Gexb.q..eyhzv.vgfwafpqopvsokvb.neekk.n.tijq.ysGe..v.rejp.u..q.ujG..p..G.G.kmdG..i..a.g.t.e.fdzh.n...hG.kwGGvibtGzp.c.Gzlb..hyghht.
uxrrp.vq.itz.G.G..zcGzG..vv.egplherawrr.ys.nn.zGGGu..voaxqxkGwGzhGcp..vozwhj.rvtnrbwlxgafr.iyfvbamawzzsx..dteni.c.wn.hc.hiGq.fG.G.t..Gvhu.dp..vG..GGku.nct..cGG...zvr.zq.jzzoeqv..suwzum.m.civgfw..wkukx
cj.Gp.G..nv.G..Gq.pd.apsjjdxodve.i.lGqajuzlxvlrfjx.G...ucr.qGGlGt.hwt..fhrqde.lgrkbrtutlroknzvivb.uobebbprqmfcrnuuurbpo.sqph....myw.p.lqG.Gy....qGG.lGllbpc..c..oukavevi.dhrd.G.n.zqxz.la.vjb.bvyn.fmtgo
zldvjhrj.iyrshrhejlcvxh..sa.w.u..u.kg..hGjaG..ct.b.s...tanbgdpz.iulqbspnzfzlfyt.zfj.efqi.nwiracuxzsilwup.nvepwxrfjvidspn.l.G...v.G.elv.lo..c.uG..i.a..t..p.kn..GuGo.G.vG.ysG.w....flf.ktsljcwt.wwG.kapor
giyeh..k..zcflgrhais.re.poo.j.eakil..h.peGjGxkzvnnnr.amps..h.qGG.gGG..vd.z..G.ngzel.hhatkhrhsrvvtbtdewcxG.bxneziwjxw.yte.b...mG.GtGx.G.sGGav.rnyG..d.G..Gr...v.pnfo..bb.Gbd.G.xhzxejk...l..zb.vvp.....yi
vy.t.a.p.oh.p..v..y.Gdy....vx.x.ltGa.Gfl.Gvg.i.m..zf.G.GGGdht..dbv.q.qx.tmr.oqnuiigcvbanearglpgtiblvwloosnhggxjmg.win.owGG....G...jG.myx.ghuGGz.pg..G.foGfGGm..c..o.kua.....rnwu.nrxqwimvzcb.gtwu.GGddxj
lxbwv.G.t.xp..Gxijbbp.ovldvhhxvG..Gq.Gc.h.Gj.w.wc.bG.......eu.G.GG..mwoGGwln.egnighnoarrwasdxkldzsyq..matnvwmkwkfbfbqvGev.jGle.nGntp.Gz..jir.w.o...eGGxd.....nsjcarldom.uyuG.dpp.w.ujmmqdjxzwmndv.G..bmg
eiy.jaoGlpw.k.xrrhw.GnyG....rzzps.kk..ftGGGb.yafa..ay....G.G...vG.g.g..iob.G..qk.idrdqbuglknnshuwonjpubm.nvmnjvigmjwrn.hnb..qbcv.....zkwkbtdgjxjwmmd..xoycgp.v.GqmywhxvpGgej.iiyg..afuiGg..e.d..fznlydap
zheleejccyhoqjxhGhzG.aogfgab.fz.tnr..uy...tG...scb..ykGc.GG...vn.nd.w.....Gd.nofxdii.nf...pofnivgiubjnhf.xdvcanwcuzfrGst....r.....G.stpqq.qj.mnqpxwrfciarGGtGiGG..nwjdgblpoflleongbrpt.....jG.dhhmkbmagw
ituwpshxitfek.mvra...bt..a.p.i.oeGG.vqhhuG..b.sh...G..hl..i...qrGG..g....ea..so..pxzhcjr..jalnewus.zm.uu.lka...z.umnbGbr..t..kf.GGkx.Goyhtst..f..dp.....c.GbplzGw.b..eb..u..bknkwlgbj.der.o.G.eue..l.a.a
g.i.sgm.n..cp.ja.pshxwwd.gflhk..u.GcG.rmwfas.wfzqeg.r.r...qrvnq.GGgb.cGvvo.n.sc.Gh.cmtxzcksfnzubjfvofssaquungxcl.gszd.uu..fj..jGedhh...G.G.qbdor.fk.v..yz..e.plk.ov.uqz..xh.q.h.i.rG.uj.xGGb..uefmgghgkg
har.yv.q.lprehcywkzGG.GpG.cvj....c.G.jssG...bntlpeadoy.n..Gk....u.qqvc.n.x...tf.Gj.dbxq.mevemcuadpp.kbugxjwkvjb.pwm...G.bdr..xvdf..Gd...p..u.fdr..a.avhofnhq......v.bmqbjwjqslciGaG..oc.i.mb.krnbfpwsogj
ixbbvhka.d..Gdxoth..hf.s.pGpiz.rtG....deGGo..bpcycb...r.domaGxkmc..G.munkhqjthsx.aGh.msG...cngveugzae.fs.egm..mpaletwscx.veonld..dy...t.zGGrG.p...GgGen.jihc.r.t.xpiglna.p.jafjvmgbenbrcrvcm...ag...GG.c
l.b.lwvwqlpa...nc...g..f.b...zip.n.jj..c.d...z..nG.Grav.y..yahuGG.Gsjq.eeyheqzwvxxeojkp.cfddrhzksveyhbj.Giseqkpqvxmt......wvhtsjlnchrav.zxjuqb..ij..thrbf..m.s..qcndhntytaG.e..G.....GnGttcd..im.GdGrbmt
.sl.pve.ec.we.....ixm.GccGG.fvh.G..GpG..n.G.G.g.......r....sdd..xb..pnhipr.hstog..lmakynptpfzx.cgdnfqv.yt...t.o.a.sm.etoo.dfxfwvqlkkhjool.GGe....j.w.lrdh.fn.sGxd.lGgs.G.x..gG..nb.GnfGG.x....l.zGnG.h.n
.G....sGgryrle.gg.GG.aG.qpf.hu..z..bao..li.Gd.n.f.hyG.kkj..g.G..Gcr.s.qy.cku.q...os.lvsofa.y.w.h.zfh...mjtumpGb.e.tc.cpcvjx.jjGad.x..e.dqGwwikGG.ik..tuwliroxm.mvwz.mdcuvwslm.j.uz..G...jlfwhq..jft.w.ty
.dc.x.q...Gy...ccq.G..roy.hxx....j....sjpctakrvrpG.vG.o.ngGmy.hdrzwnv.v.uds.b...oos..kojfbjvhnthfavGo.bqiqhxs.jom.ms..dr.yGe...ubx.dG.wfpGGpuhf.vpsrkgn.fef.GkG..syizaGGiim..eGg....hth.gogg.pyajGnkl.ap
k.hgtzpzn....mGb.ntG...snek.G.k..y.Gp.kaeijka.lG.Gr.cokd....oe.G.b..fxf.Gbdfvfatqfuwvrz.jwtqpvp..nvdiwtqfxilwvv.xwfmu...bs.s..n.bzqiduymq.....zGdpj.Gmw.g.cmtwplzdnx.efak.GG.iar.tjsG..fGwufnaupsmgsmxsc
aG..Gy.Gry.o.x..wtkaxggfvir.gpc.sxdbyppjyv.vb...G.q.Gnegg.yg..G.GhiGcG.GGsxcigncpqs...v...bsfhcgafewhtptlnduimcwuzq...tqldGht.gz...Gkf..gfGG..G.yxkwpve.pvs.ocwzypaxqoGGbds.vysytk....rsGk....nGx.jG..zc
iG..v.kvgyxdog.hyntq.k..h.p.pbnj.u.l.dGgGiyGGG.vrG..s...d..asi.a..uGh.dc.vGn.wna.yhg.bqnslmpkioikmgmjpiimxnskb.borqnyopattjixh.hzmr...GGaGa.fGhqrb..GGde.tygnocy..G.ubx.G....jr.G.Gy..y.xjygxvun.....u.s
ea.d.xznyG.hpl.t..G.om.pygk.t.Gjm.Gc...G.tdpG.bGf.nq..b.Gy..k..w.wv...siccsnkrhbvawzrljpegdgxjylkxndxvpctkwvoxfjqzipGrG.ck.vr.swzmi..jl.p..Gx.c.rs.kGGaggasorm.ag...alGzbwu..dGGgusG.....utrvzv.hr.f..ek
mzyzgydx...j..G.aGswpc.acwc....u.s.nu.hG.fGG.hGe.nhxrzeeskft..Ga.m.G.klkno.twgmmoqhpnfu.kgecvdlxltodeaqpGkvjzgsg.uvdmdqgp.aqd.djxy...yhpek.nu..Gez..GG.gw.ackownsmiyhz...G....dhG..GG....m.gdhlfaGnrs.tl
jGi.ogi.kw.z.G.....fbxyhu.eG....dbGhziG.bz..pGpxp.rkt...l..fu....kbsysk.fbwiyGvrgauebbrtnsfxvlqilzm.rktv.eah.fuGG.qbr.np..u.y..jx.x..o..iuG....Guvfmn.qcga.h..mnazfilcG.ywaiupzr.Ga..Gk.Gohmkyvcxrhcwaun
xyu.gsh.Gm....rntq.f.v.Gozpeoi.bnf.ngtsods.u..mGbz.mz..G..vcr.ydm.x...f.iybfadxfm.loeqxyfznsplihq.ll.ytysqnnxsj.aqsph....s.wv..vg.b..hbirek.nxGG..dn.oGiGgoaf.u.xud.q..ev...G.vhcqmvphdjkbG.Ge..vehhszks
xgqmqtG...m.GGt....rfpu.yagrx.kmle.lq.jx.vtmz...ekhrG..t.k.pz.msj.cm..gfq..bn.tuyzoqe.rmdkfdmxjnajfvq..iickmnxfi.vtowrjfxmayt.p.Gt.sG.GGk.GG.....reyG...Gegn.h.m...i..G.rq.ebG.klkd...fsfcrvxgyxk.a.lvud
h..fG.....GGivc.nwvcxj.eaoromurynhrth.x....cguw.iqrwnmezvmde.o..oGuy...cwp....ntnghgk.zGfc.wqrliidlvqnvlce..urnsvzwiqpwzfrlw..dxpf..Gg..GoGidG..n..uvnpc..lqe.xz..oj.G.G.e.Gyqq...vja...xwb.Gi.se.spGa.e
r.GGG.p.G..G..rarxhjcrdjhame.y.ttr.tGaty...pGb..GreG.n.smGqk.Gs.kGe.G.iGf.uc.m.eg.skesabpjspsdlnhtignkdfcgGGwkcxuuqo..m.r..u.zylde.bofj...u.v..G.tpr..iog.xjhcub.wG...GGjjf.nyG..Gs.crgv.wlc.y.dh.rsG..t
jbabcioyG..Grjtp....guajybyhx.hlcseggar.uj.G...b.y.qz..dzh.r.xfGf.c.G.jorh.jxqeifkujdaz.xalltcym.kwqpkcztxhsdsh.dsgqr.attvGv.f.mGyGxGGGt.sGzrfna..epx..z.G.pn.lG.GGGGfGkn....h..r..k.G.y.birwk.lv.arGv.n
hGGt.r..G.Gi.la.G.y..mpshgp....iG...iil...fG.j.GG...Gw.G.Gm.G.tG.G.gz.xGfbjjsp.G..hqcujzea.encr.jkt.G..qsfx...i.q..bGqG.t..vn.k.udnnzjvjhkrlhx.b.hfr.G.j..vn..iyuGui.G.Gia.G.pk...yp..vv.ehsezxnsebebfhr
v.GGu...u.GG.sqGbvg.geeimtczrfvzpsgjkGwj.n...eG.u.mhh.zy.oq.GG.GxGja..oGaj.o..x.g.iz..l.rqmyx.apziejGinqr..psylmwn.kG..yzG....ggGupqyp..it.w.nvjzohuG..rd.rrxcm.GGGGeda.x...g.a..G.ep.tkfyaek...yq.fpv.j
.GGocz.qtjxjmyxjem..xegGGsrwqujdt.cksqysy..f.c.ahee..GGe.x.e.GiGnG.y.Gh.vhrljjm.b.kaoyf.lr.thwpsdnaolo.rhGG..ry.j.G..jgg....om..x.y.y..i.a.....G.jGe....Gpa.actxvt.G.jticn.ts.n.lx.a...ozjp.u.bdpxhcdejl
e......erax.w....G.qg....n.w..euGG..uGd..G....b..mwGu.c.sjga..G.w..qG.vGcuaq..G.mqmqy.qc.h.a.Gsbzwjtikst.kfu.Gdur..qG.gu.a.tchwGG.iGvchcftv..s...qliyq.fu..mvvsG.GG.GgG.G.Gv..G.GcbGGGizpuqgc...w.ao.tix
mjts.pvwdi....r..GaGm.otugse..pt.....Gkp....G..r.Gtd.jG.GGxvs..ihpesmka.he.l.u..g.wtrhxhgp.qrpfnuqoemuzoxdiG.G..nk.djxhw.fxGGnmhG.nq.npl.eqGxhwugyvhty.amqa.lm.p..d.Gib..mr.G..k.g.ofwfsujt.przwz..rlxnb
rx.Gmq.ykpo.h..xh.xGGlGG.c.eG.ai..wp.dihrpcy..otp...GGG.eG.uG.vGj.hkdcq.ft.ysGGGG.cgzikn.fr.mzjG.va.ti.vzz.tf.woze.agnpyzoa...Gy..Gv.Gy.a.G..cGv.up.l...G.xtae...x.kGGwkh.Gp.GG..q.a.qqzwntuv.dqk..y..eq
g.....psd...fG...GckzGu.wrse.eraxbb.vtnwg.y.G......j..kdv..x.fp.wmue.Gj..aGgbdygjjcrd.dtf.avhzlnmkphxnus.p.e..s.Gk.ttvG..szh...kge..oypu.p.w.opsy..wr.nx.jjwo.G...GsGi.kkGhm..x..n.kGliscnbbfjimvw.pu.nl
...pGdGid.GG....qo..ge.agfe.yk..anG.....GGGn..ppGG.i..uxsrezhgjxxf..n....gewb.s.phbou.yvqqgdszc.Gy.v.d.aby.aw.tl..w..G.G..kqqqtkfpmvy..pGgGG..edoz.ppyfwlnvg..vG....l....Gu..iez.c.ixqlwrwxdmixxu..d.vol
z.f.ga.x....wnoxb.grmG.......u..y..Gfj...a....G...s....ihf.yxG...y.Gqh.Gjh.hGG.t.lyrrr..y.unuhh.lfg.dcreyb..n.Gp.w.nlGGGblnG.so.GGG..t.yGal..x....n.w.Ga.zci.t.G..p.....k..GGrG..i...cl.fbcvvrfl.sulddal
..vG.GG.zzGl.wcreGr....ewf.r.rGnG...hG.c..uGhfG....txca.cysvyG.GG...td..Ggzz.yxsydyyg..n....q.GgG.xj.ve.z.G...Gn.s.G...GzpxGGaGefr..mi.vqfG.f..G.uq..ni.x.aegbaG.nx.j..vvGm.Gl.qmiiavvkf.qGn.dsnatxp..qq
..GuGelxznbgd.d.xt.yl.xdmuGw.GGG.Ge.x..G.u......GeGm.rc.pG....GGe.GGqG...bGlh..ggzaGm.c..x..s.GG.wlwGh..vgt.x.k.v..hG.o.q.af.oj...Gcyy.l.rG..G..x.r....Gd.yis....anjq..d.Gq.kjje.fG..Gp.dbqnnvqllmxxbvbh
..GgGGGbj.GGtdxots.kt.dqt.Gnh.gq..G.n.mGGbr.GGG.GG..G...h.pn..zG.G.qqa..apkwm.sd.lr.qg.Geh.gcmknkbxgG.kc.x...GG..b.tG..aGGq....q.G..G..t.td..GGpGoh.kw.aopie.G.a.jG..q.tGGGdGwq....p.Gzj.fqudbgdzGoq.G.e
on.dG.GG..GGk..GzG.Gw.y.q.G.we...GGaw....GGGeng.GvGd..Gpjov.gGw..GG.f...cr.cmG.G.mc.lrGG..GnGbjwt.levaiGff..e..Gn..G.v.j.jvds.ej....m.jsc.GG.h..G.d.n.l..pmiGG..rvtizygtG.r.GGz.ia..ngzwihhuirgucogqvgvj
..G.....d.o.axk.zw....g.m.jhvc.g.j.wmGyG.GqpGG...GGi.on...vwhx..hb.iqGGcGc.G.G.qsk.gqG.Gk.Go.l.hG.c.G.GGxj..kGv.ao..kbyf..q.Gy..G...d.tdfkudG.vGjvla.G.nfjw..GmdcGGhGG.wn.d...n.GaGqp.iG.GG.gwfu..ximwwb
dka.GGGam..ib.oGwwjth.zyqgedv...GG.GbGv.GGx.pe.ce.vrlG.mG.k.zo.G..ae..pmGsg.l.k..gl.p.a.......pzd.djG......p.apGGon.zfnyghpGudnbdfG.o.m.sg.rv.r.zgkoiliz.myG..y..GGG..ztnGG.i.p.jj....k.d.ypw.a..rebgz.z
..e.c.u....yw.gGk...uy.Ggx.d..G.pabGkkGG.G.G...G..G.G..k..nGj.aer..mtGGx.zGde.t..gq.zek.pi.fbjrefbz...n.alG...vr.ugnejbk.s.vw...ck.k.lbj.v.G.arh..jGq...wc.G..Gube..G.Gi..i..G.kG..kG..pq.Ghil.k..tzf.qe
fscvGcG..hr.ffe.iz.xrx.zsi..rGhGGjaouchhanffvGe.q.fcd.b.x.dG.npq.yol..otGiG.jbx.cgv.gkapnw.o.pd.kijt.t..x.GG....G.rGGGx.h.crux.o.voqphgGtcfuh.yjzme..avG..j.b...q..GGi.yl.aqk..gs.uft.fq.buaec....ltvagc
...o....GG..b..feG.vwz.ekurpeqGcloGz..dGG..r...G.zGpG.Gx.Gy.yj.e.GGc.u.oknf.bfmv.hpGcocxtaudqgvGp..uuctmG.G..G.c.l.G..yk..xhog...q.iGn.rbcm.pc.Gl..GuG.GG.jm..G.euxtdu.rg...oa.GG...Gnu.ngij.b...G.uclxv
...are.lrmtqv...yb...yhbmi.mz..ie...af...Gwnf.G.G...Gp...etGl..l.bGkGvih.q.rae.qxyygcwwdmz.e.n.G...G..vq.knG..hpph..tfx.GG.w..f...zGGGd.et.euhdgyh.v.GbG.w...l.G..n.g.dpGr.qGaG.zG..GGs.hGr.zhunfwibxclz
lG.sGG..t.G.vgx.k.zyzg.pvqa...oG...ps.qi...udo.k.G...gm...ab.xgg.G.iln.tpg.ishvshc.bx..i.sp.o..aggmd....Gb.G.G.l.....glgcw.GGjvcbxr.G.z..s..G.n.vo..cswihzv..t.gk.f.ihfdilrspplw.scm..p.pw.rhmecryGtiba.
GGwk.a.rvGG.G....GGwqxpw.skf.p.s..iG.x.qx.rGi..G.G..wb.GGsnqftl...rutk.okwwjxdaai.ktbsqn.h..r.sGw.GGGkG.G.xtw.jeptwlgtq..tydhbqg.c.GqmeGGGb...G.g..xfhe..tGGszG.a.vytor.usGGa...Gmrkj..au..t...oiqofqwbc
..ee.lGt.wG.Go..zrqse.k..gp.GGGoGGG.m..aGybym.G...dsb.s..ttrkhj....G.fxhGvxmm.wijkcd.lbhGj.vzGgd..cGm..zhleb.oyGs.aqqfssjf.mh.rG.G....xy.hGG..G.abypqfb.hlx.db.qefni..jwa..q.G....b.ktnlfuihzkql.s.f.xbj
GGG...G.Gp..p.G...ptt.ex...q......G.gacgpjrec.G.wjwG....mz..uG....q..i...vou.u.gyczmnxdrsz.gqGww.Gw.k..dG.Gj.nudmrarGrG.Gbgyfz.lc..GGxnGqk...sG..ern..kkof..hqpkequsgbnsdsvvwz.rexr.k...v.lu.jkc..rekdsi
G.G..g..v....GpG..ing.lwzx.GGGG.zyG.gg.ulha.s..sGGzGxG.lGvG....qbcGG.inq.zuef.Gizbo.v..u.s.wk...ea..y.f...g..mk...k.vo..mi...GtGi.thG.l.G.Gucj...xrd.j.zxz..kxGG.GpkGwfcx.ukt.ewvfbmc.ybdcgecsat...kitqv
.GGj..G....n.G..jn..GGnGGG.j.lGq.w..m.w.n.......G.cG.GG...us.ustG.G..qeGra.t.xgm.kgGGGqr.d.qzzp.l.epm.k.GG.ul.b..uGl.s.eGduzbqiGi..y..o.eGGd.xi.nzfv...a.loG.vzGlt.hzjw.n.o.bGo.xhoGmvfvirfyejzlrvhskkfm
c.tG.uGc..G..GG.hgG....a.y......GG.G.ccrffwpdcGfGt.....ufevj.fG...GG..uu.hvcop.fdefGjq.hGfGG..vo.GGGzGGr..GGoubwktnGG....rqG...G....GpbGGj.wk..nbGizj...kt..GlGgGa.pmqaezr..p.cxtqnGzwcvfnzpjbcjyawwyyiw
.t....bG.G.Ghyq.sGp.G.G.GGG..njx.cd...ozG....Gl.o.q.bci.xt.bps..G...uGfr.szphf..lur.G..s.iig.G.dgq.fbih...GGqjc.jekivw..ama.xh.G...ik.tG....lxy.rG.hkGp.k.q.GubGGz.zn.m.aqa.mlc.o.kfzhkxw..f.k.jb.bjplvq
Gh.qu.G.oG...my.g.G...n.n..vjrzl..wGqp....atbG.GG..tG..GmuvuG.njGG.oG.Gtw.iGgGbr.flvcivb..GufG..vGGkqi...dG.qG..fdidplGaG.my.Gb.wp.jGxf.r.a..G....alr.Gg.a...ep.ijozprzznl..rszc.rv.ata......dzdn.zw.yux
voG.GvG...G.y.aGG...l.G....a.e.x....lxGn.k..y..a.ml.cva.kbGbmGGi..Gsy.h.G.hppnff.ki.wbk..rv.vtr.....maz.GGv.e.fn.ghu.d..o..tzx.j..GGGla..bGGn......w..w.sonltj...lfstccfxbnbkcvt.k.G..fvfu...w.cpd..j.fw
...Gk.G..zG..G...fG..p.G.ms..yyj..G.fGu.Gh..p.p.ake..sks.lvf.uG...GGx..x.Gdwm.G.G.tc.f.rG.a..okqui.y.yGrg.f.v...xjvGGzg....GlG..b.wijy.y....tG.e.o.spbj.q....r.h.e.l.rcueraddel.yne.Gfejflh.rqm.suvxauhe
GaG..G..t..cksgG...Gm.G..G..f.Gvi..fmyw...GG.G..Gk.ho.r..kG......G..o...GGs..psakq.oeG...GGvgpel...phxd.od..lGzvq.d.GbGkqnGGGsn.cr.kpbs.mz.pa.s.ni.eqrlvi..Gl.zGwp.yGb...ib.s.n.fsqxqj.qssutfqsdarwkuvbf
.i..h....G.ucqvGn.G.G..lyjik.j.uGc....GGGq.e.aGG.h...urbsf.lGk.uas....i.G.ozfcco.ljek.zG..k.x...i.yui...uwk..p.b..tb.j.GGG.G.k.G....pGtG.pG.mfcy.kdGpn..aG.g.zGz.Gkvblfubonyxsqfxrwwaywyp.tgjiriw...maqi
.u..m.abcouG.y...Gls.k..Gx.p.j.xcg.dy.Ge.G..x..t.GjG....w.GG.x.GGG.yGhGyG.GG..n.k.xfdGb.G.G..mG.cr.a.la.Gv..cGp...p..pG.....G.GGwsczlG...G..kG..opxy.pvvoGlGo..GGgbdGz.iiwr..bdcuprqabuuzuwfrjdaaevavrwi
.wdGd.u...mGjfGGz.xz.GbGth.....p..z.GGm......k...v...pfs.psl.x.G..koGG.G.GxG.g.p.cw.i.e..Gfe.u.GqG...G.G.GeGyb.Gckw..Gw.rG...tGGf..j.Gk.Gw..cioGGsGomxwGhxq.ud..vbkfG..v.yodijugt..vjoimnyrcjdyprk.e.qpi
.G...zqkoG..dl.oobeb..g..vbgl..q.nvzei...xh.GG.G.Gi......jtyos...pk...GGincoo..hpv.xm.gdzr.v..gdvijae.arrGlktGs..y.GGGa.GG.G.gG.e.c.paegu.ukGlim..jlG..G...zGi..G...st.wwgv.xx.eGns.gizarlxtqzlvtaafirjn
njrthcr.nn.G.rqvjlottejxy.flfcz.rjdesfGv....G.n...iGGyG...b.Gh..rbGGG.G....hn.GGlpnj..j.jv..skx.xnf.tyy...ew..a.G.n..ngd..G.n.G.eu..Gg.G.Grn.q.z.s..kr.ah..nhnkG...gdgGjkj.f.lGa.v..wxvn.migqzpgts.w.wun
lwhkg..G..qr.bw..tq..domak.rqGGq.l.ocwf..k.jgfye..uG..G.c.G..pGj.ldnGqGGpee.m..obk..j.d.a...kG.e.jnb.kk..Ghp.pkdso.kG.g.t.Gf.nGsjybotG..Gezbvi..ep..at..p..uhf..nzc..w.m.fbxnf.yag.eguvfzxrrop.dnqt.euyg
y.fG..xybun..G..GG.tk.eGGG.q.Gi.Gt...e.bG.Gfev...Gv..z...GGuuzp..fGexc.cl..g.dGa.dz.s...hsl.c....GczgGm..Gzi.n.g.sGG...s.fG..uG.....G....GG...GG.mu.....w.azs..d..ookp.xqcGywt.cyktuyhkjoxxfjuxgzis.pxxc
.u..m..Gz.o.gtcG.Gcd.nmG.G.r..Glb.G.bpG..Gbq.Gp.Guvh.x.oc..G.keG.yhqiczjg..r.he.nr.p.q..mexaz.l...fGhGy.Gk.nGGqGG.GbGtsx.j.z.uq.tG.G...G.e.i.stg.rt.wGGG.GlkcGGpkt.z.hr.ut.fhk.alt...Gol.pn.msvpnbigvzis
j.G.rGfGn...G.s.rga...uoplkayb..bu.n.oae..vfzq.dxr..qGa.gG...GG.Glg.b.ysxGG.eGr.GovlGvo.g..G.ns..t.aq....q.vG.lGnz.wG.fkzsqhavogxskGeG.Gg.qc.o.uli.j..Gzgwffm.auklwj.h.tGt....kxmvcqovuqkswyghekprvy..kr
..r.cGG.xGzil...GvGb.qjq.rxrf.co...kf..ot...c.uGGpGz..m.GGG...g..wn.d.....q..Gi.pgf...qag.Gg.eGm..t..drb..uc.v..lg.x.poskofx....GGzG.x.vcl.nGqgGGl.Gu.n..zd.pn.m...eGegsdp.e.l.Gsjqiyt.lum.fxxntnnllyrzl
xt.Giq..p.G........ygdoje.x.c..w.w.vGja..GhoG..o..ngn..j...eGkG....orG..o.G...G.G.y.Gx..uG.....brf...lfyglflvlh.xr...GG.....cyj.GG.GGx.G...pwni.lxn..Gpzv.b.x.pto..t.xdy.we.h.gled.ijGfimxoqqwbqrvamkvkt
.G..hGc.k.G..imG...p.d.GGgo...v..bG.m.G.G.G.cG.G.xGskGqm..z.GG.p.f.z.m.mmG....GGGG....ryG.G..G.wjzjb.jnwcr.jkwv.ijiGG.GG..y.....vs.tcbh.zb.....vck.b..GGGo.Gg.wycGGnG.l.vz.v.viylhhnh.svp..ruvcgukvxogiy
tk....ilyf.sbvsti.up.keG...jew.G.asywn.GgzvyjqG.jxxGG..h...G..nGjqvuyiwvbk.x.j..y.k.bval....l.Gx.l..GGxm..eazevoG.jfpG..hG.kykz..Gabawcxvll.r.z...qfz.G.G.jGd..oq.zdyc..yhqG..yhnxgpyGGfyuv.ncmsvrw.G.gr
GGo..GG...ud..Ggt..v.hshb.tyecpixe.m...v.z...G.w.ru...GGG.s.x.....dwj.Gum.wrae..G.e..d.yexm....n.rfjhG.qG.qeh..fGGoG.b..y.p.jGcgytntc..olGaG.GGd.Gbeq.GG.yqlz.djvj.y.d.pbwpezb.iny.ehwxvjG..h.Guxsbjkkzw
sG.pxe..owk..pG.v..rko.vg.eG.h..GnG..vG.fx..Gy......s......g..Gr..ek...oeG.GG.hx....Gy.w.GrzG.ycva...Gd...ltfj.nqqk..GcG.rxxmuyndwy.u.Gy......sGr.Gxrf.Gw.wdb.smwaug.rvpuvijw..yjaGuw.Gzb..e.y.aqv.s..ow
nG.wol.btn.w.wqi.mr.....GGuGjtG...i..w.gtawyzGc.Gcu...cd.mlokr.vGcGvGaltujGtb...t.G..f.jbzgorf.u.k..GG.uw.Gm..Gam.flfjy.n.g..at...q.pkGh.Ga.Gp..q.Gpxi.oG.l.za.cbsGazm.wj.aGxfbcubwvzrhshokbmy.bgancogsa
tGzyGzqrk.ee..rcm.nflvsuu.h..fl.Gd..Gg..aayu.G.rGozsurhecnht.GGp..f.hpul..jnuG.yzpG..yd.rby..GGd.kgnGh.q.r.r.bsq.fp.i.lfsnG.yG.cGGm.G...kyp.GGyGGd.kka..h.nghGkrqpt.fwvasi.ncx..ythozecxpfbvzbtwdvztyape
jqGGpnh.a.ecs.ealGs..l.juip.t...zu.Gguq.bGG.b.ri.G..r...Gku.Gepwf.G...cj.b...cGp..nG..G.zu.GGG.p.ir..oyl......Gi..pg..GG.G..Go.G.GjiG..kz.qm.hy.wGGG..x...ldm.gqmvlgkw.v.ab.qlh.ngkkpkl.eybbolzzsny.iwba
z..G.h.yhG..yGjpw.plf..c....G.Gyggen.y...rG..v.GG..v..nG.c.s.Gat...G...z..lGkg..r..zqtwGtG.GGqr.ljG.v.tqyzxfdhxpa.xkoGGgGhGhGG..txe.eqGkGriGuyG.G..Gnnqbn.w.G....osqj..weltcll...tgpd.l.G.yxiq..dfubugwf
cG.G..plmqe.w..ochr.erkbda.abyy.d.G.GgGfyG..a..t..qGbus.G.GcaG.gv.G.G..vl..lkG.zGGb.sjdelfl.sbl.qnGoGGGns.q.GsGnx.val.a...s.iG..Gix.Gcd...k..wGy.hk...ohps..GGi.Ghyvjff.tvgdpkkr.efre.atoeppoky.zxt..mob
x.tGkh.ymg..G.Grm.fnumi.smzwcGG...oi..p.G.b.j..G.j.Gs..G.fGzr.a.no.e.zlk.yvGn.le..Gr..wGur.m.GG...s.GG.zjG...G..Gibr..G..G...GG.aoy.vlisln.yf.wG.Gox.G...mpv.tylfp.....GvkG.uk.dGsksres.nyoGG.pxo.hcdteo
btoirqkszmk..y.p.l....h.G.h.fGG...ic..G......w.l..wmmkklG..a.G...G..G....GG.yhG...G.i...anib....a.eG.bghnfx.GGGc.sp...lG.eGwG....jpGGv.jG.GGG.G..vt.s.ha...uGk...xxsnrp.gqaglozinxkwacqpwq.vGw.axGuxnqmk
.b.eGm...qlrcbywc.rz.wc.u.tii..bokkm.nGh.Gl.wkurwq.ik.dfmak..dxbmc.gji..n..xp..a.fciubdgnGizf.vzya.qk...zc.p.qk.oanbo.z.xGmg.vG...gG.Gq.m...uf.Gftlv.h.wat.b.hqhehd.jo.g.Gm..iwrGy.gkygtfdwGm...j.vsxknj
.Gzb..r..uoG.ku.rG...i.G.G....u..Gm.mqr.ydGkwG.ky.c.nxbt..qbG....Gofnxcehjaf.GG...GGc.aub.kz.G.G.vt.xbGgkG..j...Gjo..Gv..u.GGn.zG....ti....tGbG.daq..we.sy.G.ig.pfpsoofi.t.khyiwai.nrtgpkvw.olqqssyozoor
sdGo.vl.xueG.dqu...h..aaG...i.G...G.t.zu.....driowql.mglpxGqhfxGy.kfu.dntxleky.Ghsn.u.d.xw.yh.ypd.m...iiG...Gtkpsaz.G.jtG.Gdj...G.vbiG..vf..Gpszwfpwep.af.ncgbcsaz.c.s....frcvpi.w..z.uiodkG.k..Gogw.tpd
e..siw..hyphms..pG.h......hw..nm.zcbjecfei...G..yGGo..sl.hG.oqG.uGwyxhp.GjsGw.m....pG.xc.x.gn.x.wG..q...Gd..GwGGGznp..xjh.sxG..oG.v.g..G...vGf.j.zubsivxf.qsaz.vai.mqvg.c.ypqdlpwikkmzlmibjawvfjpsmgenvr
y.ftvxnjwwhdod...p.zs.GgG.r.x.xdu.GqG..qfusqzrdk.....ygvG.iu.d.m.Gsbl.G.GiwGg.lGcG..Gn.pGGw..GGGGi.G...k.cGGG...Gh..G.G.a....rvs.qz.GG.bklt..sjhxl.f.xkpfsqbyendcGcuG.dy.ucvlrvif.kGo.gjqgfwzjgl.fzjitnr
..r..af..xz.h.Gj..w.q..a.byhqzv.v..v...aanuG.n.....bpscnGniy.c..myi.l.gG.qlGm..r..n.sg.G..G.GqG.GGGG.G.G.G.G.lGk.GeGjGs..rjk...m.Gzen.....r..bGr..a.Giysqq.yosvieggpeahhl...vgvqcgtekkcmtimxdgwvlhy.ibcf
..lf.gtG.xc.bvGp.G.ab.zmGGjo..cG.ceh.i...rt...yc....v.hngzrf.t....d..qk.Ggv.lo..GGb.dlkpr.nG..GdG...xkx..dG..jn.uykh.v.kbmG.....GuhG.G....f.GkiwGiwGyo.v.g.zkkfqv..dq..cckrrq.fjh...uuuvuwebcrvtbctflfnc
j.veh..G.zvruo..w.m.gi.zGGG...i..nd.GtgGtd.d.bub..G.G.h.sqGteo....bGcy.gG..GcGG....Gegu.G.G..ziG..zb.cG....y.p.e.G.v.gj.GuloG..Gxz.GGfa.ylrc.bpvo.v..bqatpnmjjwqv.Ge.Gsr..qqfrw.ifzsh.fujfg.xdlpkstp.acr
yl.......v.Guth..d.G..xGr.jsGd.Gsgo.kywhiw..k.zrjo..Gp...r.xrivbn.f..a..a..clyiwlw.ziv..t.f.vbG..Gn.tGfG...cek.e..bo.G....jtafziq.yGG.GGtnnz.hdj.qs.Ge.t.nt...qhfvwb.ztc.tm.pkmmdhxjdqmcupx.xdbvms.q.ecc
..rkiuyxth.gliue..g..G.e....a.or..ppfwlxdwdu.aouGbG.pufzfkwu.ic...k..a..t.G.h..G.hxpg.pk.Gxm.w.pk...G...j.rv...yjq.pjies.xguG.Gx..eGG...pg.vevu..GG..lpm.yftrbxe..e.b..wr.w..mezt.e.erglhgviqtbgavfpwcvz
.fmdGcak.jzhqwm.n...bGGr.bjn.igjjaxv.yu.ojhgcxhro..GGmc...p...mpeG...o.w.GGbs.ubnaG.c.G..hGG.Gl..GG.teko.d.q.dhb.h.G..G.....m.aGa.ggskGGdaxd.i...mGG.gmdgoifptq.a.vktbv...flbhxnjsyhvpbogv.ggqdcmnjwgifj
vo.vc.yGisfsbf.G...yGp.dwwne.a.G..z..blqxc.Gcrb.qq...bvGb....Gqit.fpuapa.w.rz...ae....q....t..y.Gd........oGGvGg.....wj.ed..x....GGG..wcfj.qwpGluGuajo.xtl...r.oy.tkesfokmbziwcsv.nou.ee.a.a.mk.z.rwn.px
ebuG.b.shem..Ggcn.n..wGG........ibct.cdGtyu.cs..w....l.G...ye.bh.GGGj.dvti.xsc.povGG.G.d..dcz.....bGG..G..Gw...x.hhxysGmG...pj.i.uGvGzfG.Gk.aeuc......G.v.Glrklxyiesakjsmxb.wxjsyhtor.nqGr.t.hfxhop.dtku
s.j.vek.l...fG...n..ejqGz.GgGf.a.vosfposxvvGtu..G.GGfj.o..mGGG.iG.Gm.gq.rg.jlipe.w.n..hsGG.p..GGGG...d..GGlie..n...GdtmGG.zf.p.dgqrbo.G.l....im.G.vsGr.qwuzcybwvwdlk.shey.j.iyjr.x.rvqawoa..haahxprhdw.a
....jjys.s.c..h.GvG.n.j.mxt.n.p.gxlxbwdfrco.sneG.kG..jahlG.hG.maG.GGGkf.tG..bfedccyr.nG.t.....n.pG...pmGG..mqG.t..v.GqbG.G...m.s..pttjGG.q..mkfus....toqhqx.j.qnyGx..ndyv.e.rx.gi.j.vpmgghr.gqkfwpfwnoxl
.........jtz.nel.iy.l.G.Ggz..oGG.cbkrzkfman.cwfGGjd.d...e.qmh.pe.l..zth.q.xrjirivh.z.d..G.G...G.y.GG..GtG..GGu......nnGs.G.G.j..n.G.GksGoGu.itGp....fx.exe..kaxevlzgggczj.yqufpmgbdikucg..G...alsgon.j.c
jGG.b.G..xv.e..GkGG.o..r..ly.o.Gxg.o..iidhxyzzh....Gdyf.tv.xgucu.jsrc.aqloouku.z..db.p.yG.Gb..drG....G..GksG.GjGyqG.G.GG..G.G.p.GG...r.jG.fG.GG.si...uujux.ck.bbqeugczalz.bwbubvcj.ly.jgogqmqgihxugrcspo
j..oqGmn..j.fjh..Gwp.G..o.Gj.x...i.v..ukqw.Gyfx.ax.khlbhvawjGG.Gu...G.va..omoih.q.e..f.GGG.j.vw.dzjvrh...Ghzd..tp.Gt.hvG..kw.....G.np.o.klrG..GG..GbG.qd.h.jeidc.G.bG.lfxjvby.wentc.fcgjampqcxoflasyrsqn
acu.G.r..h.GGG.Gk.Gsi..xto....sk.qmxcfykw.ha.nnu.fr.tvj.f.ok.Gi..r..viltytk.khzf.....k..nx..GG.b.G......G.o....GxuGGrt.Gce....GuxGhwzzweplve.g.Gytm...Gvce.qm.nsmt.vahfrknonnu.dos.wpaa.Giyek.ma..glejya
zcxhrz.fxah.G.pjtb.xwfgdxqmct.ersgrhwsxc..gcsmwdpmnlwj.nbtxyrxlggvztplegjjbzbwgnasqjzbkgjwgivygo.edG.h...m.mj..qGGb.kvjtso..llmlsfbic.sxslxhu.jGGrv.kd.zjlfqxdyxqvd.lounbroszggamkeivvcfwndrnpwsc.mmzlqu
