Zegnaj, okrutny swiecie!
151 107
KdbmsqhqyuhbqbtdgefebioobnwrkorcnzmnTlimfibisqinivsihitrisTruokr.Ko.T.TkcktwrhunmqtqdzhlackcsclqojnbtcdjhtotvccrasxuasTlgxshshrccpeylbalivwfetowuqdidwmvKlabpihpfvjrhbhsndgbagxshshbeTssxwrxjnkcpvjplcah
qsbpcsddslzT.Ty.mTbckge.GK.i...o.TTkiejhowbnjjgiwbikgwsxqcsidvijaKgpTo.s....vT.Th..nil.nK..b.yv.e.r.KdmK...Grgx.jkpk.jGTj.sTgKKossj.ousjebbqlTiiebtKqkzybepweoobh..lo.a.baiff.slfbtvrfexbxdfy.lkKKcyb..p
lk.G.Gr.d.dnzKljuTmjTfKp....G.sz.q.jKdcT.nq.G.i.Goh.i..T.xepn.uTuqKmbc.e....w..uoT.nofGilc.s.GK...ju..e..G.voxsTcfvbnvcetckhf.e.nxh.tqeTzmwdaqrsxcpjsjTh.ksblsewhKbynT..ihhbwtcwswcwwfgs.abyakzdigpbt..h
gbnelasrsxppksajcphu.neg.e...KGh..Ge.y..tjnb.ds..b.rbsswlvKsyc.wxshtiooutpKdcb.try.knbcfhoec.eash.uyl.ehrxsqoapsasniweGbk.ze.Gd.mnb.ef..or.vpu.wy...cTewzbozsn.Tq.Gjn.gotzlrhxnbwbcpcshlvfhzcsehnhsfvKls
bwuuuuuuuuwkvbnvneosfowfKlyhyhycyoysibiljieainaiaflznT..Tldzn......o.z.e..T....tt..cKg.cl..k..n..Tf.v.qr....K.c..er.Kn.ic.jfchiTclh.fd..se.iuwyfwG.G...T.KKuKa..w.GxK.Tdohbrsaehws.rpszz..qnm.vfhTghph.r
grKdsxbTgGxo.Trlwjkm.gGi..Gw...yuu.b.d...Tpw.ri.eriaxrw.lvfmd..h.....lTpnmlcnpksaavdfeKswyekbslauwxsxsajsvKmeadsKk..To..p...Tr.dqwwomtgxgvimablcepqpxaclwhhswpbfyeskyqralswhhrmlepTtpwKe.Txnjisejkynzlfb
TxagtkiosmohnvbsclobzwTacivdisebdtnjcixwaacngTg......c...fcnx......G.s.lv...gG.fxGlvqpqoa..o..sK..h...v...k.w.Tw...z.wz.v.qnTdK..hwTvd.eclGwrea.q..G.TwwKcrtbsaceopgbmwKwmwvhnnfglrgwelfjklhnmenosifwrxs
tfqcginnTtmazlaatpxbfst...G.G..Tphrf.m.GkkrKl.iG..K.G..GGlnmt.G.e.w..dqy..x...czeT.hahuKsthk.Gav.fiwuGhGu...s.Kpzbylxfbvjefhuw.rchqpjsjvvqcmojctdwmzeubyimatzluax...h.ptarvfjcKcjeh.efcnvscakKhmqtfjcjlx
tscspdslzaftamiaxTqtbczefKcvdk.rcthyazetTajxfoccxkknhzeunsasixlnxfjKwpkemchlb.qwakvhebeehTGuc.c..yp.p.p...G.stynivbfcsKsanevwhveosr.immhswcvivdofchiseysbepycqojshehdjhtwevsmTbnndz.bGs.wji.vegprpklpnxe
zy.lo.mT.mTnbKohalgbytpvshdflxpbsmosnaGw.l.df.dT..u...Ka.yonf.T.n..lGs.x..i..G.Kby.ews..h..b.Tp.GuksblsiqeKajTym.nkx.hT...so.g.Gwub.lv.wfegnbbbx.G....srpnevpTwuu..cbs..ot.hy.cjohhoaTqilapyryKgwpqyKTex
oKeqcpstaibchueqnfsmbpeKdyebmsqhKuxrzKohsqeKaciznlwceepbdcndjapdnl.bpcjnmtwkuneydnvbkekfktlcTTvkslacbynsKwenbwkosheqtufcjleehvlbKksmqfeshojoonpun.yGG.rchwKhcpsmtrhraspKbymhKsaxcwwclpnfxpnavkwwvvrycuTe
ebKm..e..TK.dnTnd.c.yme.g.TT...ctT.T.f.x..i.sTginanKbq.bhwxnhrioouahwdffcbKjciunnkbsdqtcfhokeltpbpirpkvuycnTm.hn.yyk.ds.bTwwyKlmnbo.gd.Tvspnnxeee.yuhK.hccaem.dei..evbcacfoimapepeKhmbhtneqbefmxTfwybssp
escycgcyq.fontyeqxeibfT..f...Tbcbtxpbs.ymcsovsiq..k..n...ThoaGTTs..dah.h.g....cTxq.oxl.KkK.d..h..ln.n.s.g.n.z.rshhwwcxguejllyqKzxfitoejcdndaivndabmchnayThsfm.bsnaTilikqnhhhwqssvxxhn.eTcaprnsczsvKKajsa
defbofK.gxT...pKK.v..TreqlbgrkryK.e.yt.ggkllepxTvalkKKzdqtlkmu.msqhqyzTc.rs.K.c.zf.osi..r.Gy..ih.whbeuayc.o.m.hbtusTrhsrhxkk.bkmhmhscknjcmcbcsjvvaoajpflaokdmhnhictneynaoatclobcjblivhwgpenmsstspablmdhj
cK.m..K..i.z.k..ecdkdre.G.....hlT....x.G.ghtuod.l.bT....h.pri.TbKd..howfjj.ulerxkotbyyTlb..z.GybGnp.h.h.cTb.c.bapcv.puteTfphi.dwiex.es...ex.kbfvhl......flgfdhmbrzmdaTjolwTTeKzxp.q.hTsqshTnGTcssawj.Trs
rn.sG.ztGm..Gp..jTjksrclh.iupbiv.jxsznnjtmhe.ei.q.t....s.j.wz.Gdkc..TebdwbdKhtapaianbozvdysluiaqhhwubdoycalrrdzdaczicgudjnTk.TTlbmeGpa.c.nh.xzxeey..n..ywnnshsKpaThtegxKsxwbwhyeldaesmsegsifkqrhpkbwT.vh
em.qe.cn.uylnyhdeqysvfnbh.TgfKgwschpmnxpewydawg.bKweto.wqslabptzcuo.nevpemenpenovjlrwklhwkrfklxzbbwcabjjbyf.o.mngrebivrahctowhKrfiosphKeykfjKcntibmlafKwfeKKwysboqeeyKssbvsjeysmcjp.exdTfhn.jlyynhlqbhos
oz.yGfjwGbmgviexbeytnes.qrcicycsngKttfqTtlwgonbgi.oobn.wrwfbkmwKbzvercKvsawTj.ivza.kha.zb..x..a.wh..Ghipigo.ycez.zqyeTbvxcbeblwqpxafjlnbccnpmKomhkknbaT.ntnhijobs.gnc.Gw.rfhkfpnjplcahakbvdlwTxhnhTafhyn
vm.m.Kg..r.u.vl.gdddexzm.rhbfnlw.wnajuc.kgcoefi.m..o..G...vod..qeong.T.b..l...s.klGrbz..d.TKhKfisqnhehcqhboxkxadxgdpmcwlqxsjajebtqjpqwtlbseefkyebfajiTbewscyxgvpsahnpT.eda.tbT.shyKGb.hpy.K..GTbgldregtm
zc.y..a..oT.Ki..u..T.Ki..mce..c...v..cgTt.KeT..qmshccydrubpoekwhwscbwpecnqsclaghkx.ccx.hlsbkszhebfaviczlkbdkbmKbTahqrtihjehkqdrcgtsuxdlbvwv.owhnhijtlkc.ihwwhdsuyvhlsk.nnwTewphhpbanbekepTvocjnchbKqwpoe
brwmkTs..h..TghdziycevqsnhofdKb.eipjcuiTpadeT.dd.eme.G...K.ul..qs.....oq..gT..a.opfainssj..Kupo.TsqpykpbqeTspGxbzuzKkywTbnwldjcqibnucktsopglpksyphnfeiKmfrbxeqnctTgaxTGrcxnhsuyshcscwcxljbwkyelabehkpwkn
hoxwcvtx.afdvxuwzT.s..q..lz...dT.ec.G.n.uTc..Tbd..g.TTfT...bi.nuci..Gv.fTtw..tz.rf.tie..h..c..KtTl...TTgh.ephyqfupeihoecbhsjvypsKpsaaejfdnkcws.lcl..jGwecyfcdTpcwplowc.t.bwxqe.jymnougoKcbhwys.dkoeqfpoc
xk.nfnb..v..fTj.c.Km.dawTnae.Gd.......n.h.m.dpgp....K.auxlaeccvuwthjidcsskhetiicnhnv.x..t..c.hei........p.tbdwmlwfs.evefmzuyjhhwwfKvhzfpTvzeehdiezapffsTsuwTqdkhoapefkvebwkrjcnarprhq.bvaesns.Tfjrjvhpqs
jrrqlhb.el..a.xmmjbi.aogcwngpphbog...Te.Kle....uTxa.ur.....nf.Toxunmqoqwsql.nKo.rd.ngs.Te..gn.oabjT....ea..cb.fTtphdskT.aa.x.GhwhlevpmlewKhloyfnwhvwkrtTeprKaejsbysbwbolTssxwhxpnasyvjsbcewhbeueayhpbcew
bw.b.tq.....iG..z..enyh...md..i..T.xzzvisclxbxhdkcbswfwxspnhaspvse.T...bx.Toaeobldckdmcsprbghumshew.....s..ek.w.yf.oht..lk.z..qahanchi.pGjTqfxshtwieeaxvyeckujudddqmsKccydrunwKekwhnnTqiTckfq.ahpdlKs.tf
cpntpmwvypomeoikhgabtusnbset..a......uK.K.v...iudTa.s.Gc...cKzbqTtwvpzahcpsxwfwslKeiucbgagtboeobjxlhsshncdbqkcwwcnwhkjTngn.o.fK.wocnskpj.f.mxh.eqr.Gh.ntjaz.p.xce.bpcnKnwrcjzKxsxTnebgccgwlbxmqpkkvpjsxw
xnTdlscrtcwslajxxssopdi.Klnrllm.G.KG..aGl.i...TobGp.a..sGT.Tqbckdlsvfkvmy..Tm.y.kq.TobmnrseKcbvndfchiKeyipnynchjpocfnbnpwbhcKssshkskrsdibekftkTibwwkKbnayalhfvgapdaeKKxvlehcwt.ee.h.w.hwubyTeTlwsrxtn.yr
hb.g.gh..l.eK...q.Tsocohyufqkt........csehgT.G.cg.l...GiT...KtGb.sxx...bv.TbT.f.cy...beTa.TljvsKnncrrwlbz.c.lchersbizfyhfiTo..l.sbwdbf.TGd.r.K.wppc.rexKcslwbshtecljKsckemnqhsnxazskmoesalfsybffzyebavec
zK..htea.q..dohqcpqlypbT...bucg......Ksbc.z..a.e.TlGr.Tk...Tp..eTi.w.T.b.eKi..w.ks.G.j..pdfq..ddT.x.aGwnT..ovpseKx..eK.nllrjfnjepmfbsgua.iGbtl.buwlsiTehsaboabsbfeenhislbghejtwsnehaothmvwzbtepeebdfhfpz
fi.exepybbond.b.rnmgfbtnrydhejhdnwiikwksircrsikvpiqjndfmicjndwfKcjndzfKjnd.fzjnddfzjndksbfvizzjnfnkbtvmqaTatgpyTfo.enaGsbqTuw.e.whwaxhTbqwwxssphT..TdbwkslwjyhTuwqKexkxaxmnhcsjvpenehsncwszlhqxTxkfnc.bl
cK.fn.kx.x.Tz.nTl.x..b...p..qnp...T...zjwtKK...vim..cTxhw..Trj.cGsrk.e.i...n.Gx.hmGgGizgovGq..xc..a....Tmwclyfbyho...u.TwkcwcesxnnrcalusbfksyhbyabtdtruchTkscveqfnwnbpKwsT.nllorqes.lhqahcrhckkfsszbfqdj
of.qKhthmsfepdtbcbrhsdpwpsddhbamKKcfwiojivj.emcxnfwyvhshte..j..q.rxr.k.i...l.Gi.qhTnhfuhcnsocnus.ozsiw.wejsoirzfwKnccqshcqkujqh.chTTxbz..bTqlh.igc..epqnn.s.hwpmazanxqfnoksKinntbxxyaispphphbebsnyupeanb
se.ehheT.h.mf.hT..pu.jeT.l.Kapb...rnG.e.l.r.T..addG.tdgieu..b..tusjK.n.jK..r..h.ba.okzwnvsibT.KTime....upThvsmmorswiwaczyvnxkxnpupxxevxkfiaslrmoselirhakpTfnftbdepqnlnTxx..sbt.hTserbrifpTKcThwehashnbmw
wgobcsazTxwgewaxvvao.qpu.e.xuwoscallrbhhwyvweyhwbnxTotxjzdctmdjhtiivruwjabstKvrwxqce.h.sgrTgchooofebtKustyvicrossbywTm.pKp...wnTscfvlaxsihpnjsdbabyxnnwamjlfruwbfccTc.fsk.wlplhpbxsbeclanghksmkmsshTfbek
bdxKfsxnKa..qyp...vu.agd...oroj...xoG.T.bdq.l..egjs.T.evay..sGGa.kk.cpvTok.qohunljKoonpxycjn..n.TGs....jTm.hbbe.dkKuhqoKebybcwap.tKkanjGTtujTepmawbalemfwlahlazebrwfssecqzaxuauheckvKfhsclfnassThvojhijs
jt.vddhannmgm.x.lTmattcufmomuwobaphdnwiicaksxoygvpk.v.piqjKnlqipvvc.KwnKq..jhTp.ub.h.Kocsgcljbmawdhdabasn.wsdwevhlxrwezhulKwsslfebTrjshpybfvprrbexqbiabbjxblfbxbrtKKincylTGnvo..wKpTbdzfcjlcfmyeqoiwfcby
h..fuas....wvpdGvKl.Gmb....fuw.t.T.f.xlbKwhvnqrwpirbvslnhgp.zr.tvvp.s.dyuywvbmllsbhKofejkupfiaeadTeG...wp...c.ngunafuwTTopGl..aeGeG.shj.hzsscn.zbG.kwsezToanwtrbosoyvecrhscsbywfecaapllbzofxijlbpebTo.Tl
mb.nvzk..iGcvufsaosotfephlkcwj.ew.olnfhTggbllepximphcwwgniwgivef.qgdtrhbf.swxxofog.h.iskutbeuskslunbh.oKwv.hnhevwcquhbnTKtjhenbhwywwhzljwwhqcrdhbKvuyumwfkfsrecnscnazgbKuasatTxhlijtuags.pjlpnaelqnphxoa
xqeobrhfanayyiaehjlibfsdoyctoeehnkzwvjwyyTbGx.Thnfe.w.pgcsGG...yacj.z.p...Tc.klKvi.c.znTccqhqsubdnqlgbgyredbpbbsKdhekyuazbfsoariTKaothjmfvhipbalsiwotelnmKnpkseapdxezvswyekbsnpuwxsxKajshpnmeajswpnmeneb
plwwchrnbooibTb.o.a..yud..htiiftakhnghjbxmt.t..sddt...xirz..r..v.xp.v.f.fTpjosbcouiishysaulKctecunbaecjdywdbjqxTawbhtalhTfylhswnombTnao.yTigiprovoehndfpsxdwjwcnehbcspnnwnmtkwejxshxsssljxjuupnhgzvjbtaa
jheyqns.fhximubsmer..qKqGGjrtkT.q.G..a..nhs.sc.xbnh.K.i.bo..j.nc.el..en..uviqwj.zy.syh.GnhaT..ptr.y.T..ki..Tbblllybdmtsbkvbhlzpiesucirsioupizt.hb.d.mdochda.heTwwoerseexnagacbwhaTnmroTK.a.phyaipuf.buKd
huaKyhs..j.nG.T..ub..awmw..mwnT.....q...w.pTf..fgjbz..go.csfyckcgbvnerpcnspiurlexadoqnahvbumfejeleagrsosthwnkeaqsjzhgsidzrccneytboliewfdtocknzlfwja.oaecjlbbcs.lc.c.a.ppx.TlpbsosnwwTKKfox.mm.rwerb.s.Tn
ayrwsmd.Gp.f......h.Gdcs..dv.v..j....m..tbg.f.GqvpindwigiqxKb..mTsa.s.l..xxaTxitddicnfscozye..gbaasjfpmwrsfvnnkhenfif.seTe..pzcKfbscnKrcsudlunvwd.hkvfhzsyanbxpsewwTceqap..ulc.tm.Tx.aTe.n.ho.noshn.lG.T
nqmgTvb.KxGvT......T.dxv.Gmamw.G.....a..ewh.a.GlTiKfdyxqigkfwscKhKheobt..dmafeobnvxrlbcTobo.K.a.y.q.i.pKoinpnjhhylinenecewwrKwxnnofbThvTeKazcu.mi.p.zyelfqb.aojfp.cTp.n.nl.sjs.c...rtc...x.o.Tzvvcapybeh
T.hqssbdKbmKhfyuhKstdKfytydpKnhhuhlqssrbjsdKz.Ke.n....yiTy.TcG.tdfp..xw.snsffsoxpdxxaclwhticskKeyhbKfdyrnqgKtbsThaphbtkaKavozurhborcsegvwfdhyowuydidomnslhbpesxpuKbKvpncgbafpushKfhptwooKbhfsvefitabpotn
wicbegrebessqsdvhslfepdbbccrdcdpKs.dd.TTa.z.mT.pjppckij.xrglwehjiwhxbrwscmdTnvpcnxsKxzyKsauTGue.o.pfmivdn.dTsel.Tj.ly.eba.nikecelnhqinswe.zt.n.sckktepjhexslauebmpwdnenTbknksfpacpsgsibkqlnpkbwylwh.yy.d
ei.r..G..c.T..z...f..x.i..txsKa..jkTsamckfiwiv.lpk.nn.f.u.sgj..q.wq..wa..evyaasacttcesbcolotKsboonfcnoochxtgwnhslcenybladgfysislbneaksofmrieKezlf.l.cmatdxpuodilksb.sgTl.hqwyTTzhehndmhsonnclscbwsncvcca
v..bTxpahxwbwrqabnjmnlio.rzaakpsxiafmrklyhybdTTvGsG.a.n.a..xh..x.brlG.p..mc.hhwlTeoKndw.nmnhphbbls.bhupdrn.bT.e.GTKc..twwK..qxTwrcTqGecenGvavveazKitssphtvklecrwtkhzsobzsocelzhhnbybucTK.yGxbsfehhcTwd.s
ijiw.d.v.w....x......aTo..jqcK.....zi..wtcc...KaKa.GxGa.e..st..Ktmb.Glcz.wwTs..cbfye.ky.yqkalbwzhc.hjyyumwwkwskbwsdpe.KklxbwlgeTbb..Gvjtc.pTtpr.qiG.v.ebdswclhkajsyTh.ss.lTbhtsG.y.alelhknTednKfahfwbsea
bfaivKldss..q.TeT....jeb..xlpn....wie.u.c.e....hGayTdGr.e..wo..ybks..wu..bd.s..l.rh..rmTsac.G.K.nz..w..sxkcxszr.lqsjphtexkscjmuThujxotlopanc.epbuad.tpxszsbxTrKoxexkxsboTxqjnvrdcpmeysbaldfvswfetoguqG.b
jw.g.bTjToTpxwq.n..z..rn.lhykbfklxzbbwcarjjbyfworpmdbht.o...t..ioex.oaq..ab.nz.xGr...atpchk.wkhlnbaicd.ouaayxxyjljclvbceeykzsewzebwewwTlp.r.Gm..wl..rnagiqjKehassvgT.qdciw.la.KG.ahehge.h.bTiqnkknysc.dy
sK.j.bGo.ainT..Tmsqhqcuhbqbtbo.s.qKizT..fvmn...r.dydiGq.s...hT.he.f..icbndoTpG...dp..xnGces...egs.y.vK.xda.Tjbaawjtpy.m.xs..rTjdhKmlKnxyc.cdbexKosxpcbxzlwlszwivwwjbyberfmhzhTpeKKslmKnpdntKhjurfznafT.s
k.Tj.K.G...sG..Gb.t....rGGqTcoT...Tnsqinczsihgibnflkaiawhaeijl.qiro..sci.dw.xTKoGkcTeepenosnzdpjnxtimqhscanecTek.n.cfG.dbhorwwhbTybabecakmkqtn..ta..oseeKhzvos..x.uaaddf.lhha.h..vck.fy.n.umnujbhmfyucrs
a..nTqjnjf.s....d....dGk..xnpiz.qnqlKgrkydnsx.buseTbyihwcKisxidnmeewbKapopaawoupydK.Tnctwhepewk.bfsrospehdieeyxb.zTyankkltKubbtbKhTbT..bw.T.np.dedidsaxmkhcneynajaterihnsfslbrbfbvdnfkkbhrjhfxoKbpyat.ty
i..b.i..fm..w.Ggn...G.Towhj.qb..lTercw..ffi.K.emhzkoj.e.fijafuisyoyudbmhrkoxqt.cevchedq.tqmhoztabaeabjdhbxztuvzjkwskvcalnKobjnwTdKkhyastszrbceemfszKipeTnhzwedlsKpsrmpxokxtrKiyvajpkhzenecchTgse.fbnq..b
dr.sub.hderhgbglq....bhw..sTqenkgmzpxtncucKgtszscsha....l.aztcGbdea.sxcT.sq.xcszcwclrrsbxKfyTTa.ur.Ts..dm..dmrb.ohyse.cxon.slreGdahsxdidquw.sn.ewwvibzs.nTlrby.hn.swhjro.spwzschnebwvrfdnndowuldxeohxssc
h.qy.uTKsxoaT...T...K..c..z.Tf...j.vhT..chsTew.x.w.d....aTbxzi.yebjnnczlpobdmtyckvbulzcivxnhehxtvjxjffuhwfiidchTrjbtb..bsGTmz.vdqdcens.qfwijwowspzdgpjnbltisahslaTanpbsy.hGKj...Gw.f.cb.tsaaubpecuvcewfa
o..hGb..gr......n......n.ud..eGcb..jyhxqwfKora.f.whkbs..ywkcnoGd.gs..de.dgjzfl...hmc..wfb.pfwwhbhseevlbcavvwfewonKdidwcvjlabpijhsplavmhkeTe.fT..io.Ghan.nGcalt.ncduvs.ms.s.sy..Tbj.epk....hbKbTlhcomntbK
orcgvblyxrxwpdkccviithjzmbcT.v.TgGTv.z..enr.ql.otzeqk.jsaxascfpdgvra.xuxoarnwj.b.iciG.e.shw.lqkqvpKlptbopbhacbcucibevcqlo.hKz.y.ssxytT.nlTeawvwwltilccetnlbmgssqeabybcdyeytnplceabybefnooysonflccswecvcp
TaGi.q..ej.bG...G......m..T.ld..K..u.m..zxvGli.e.h.i....lswbopdbtis..ct..usdrb.aTjzzugb.qyeTrkhksscu.jhdvt.unarnibbk.zuoo.vrl.t.wjnts.wycKcphylbaTw.hez.p.wTmn.hbfserlbTGc.fc..r.lll.mwikaemedcgdbprebej
idzrccneytboKekfdtocknzlfxmuslanpuucucjuieb.i...nbGsj.T..xsajsvpmzbdsKbmonsKcd.j.i..cTe.sToobbr.kw.j..Tmdj.KhhbzipuozlcezbnbjsvvrrcrrrgkohKyccjxxeirolntsqkycscshrcpvtosbcbwkwnaicnolwyKdqknyreshbnhou.v
s..k.tG.lh.eG.......K..n.....bqbhrvttzfqcyywwvzyaqslsbmcdjckinflrzmjbwe..s.TKoeilehhKKjinafoskbngiufxfhvbveio.shtefTTvbwwkmkhahTKcplbriessbqcl.Tesh.ewiTcbsnwuTTzhgessxwrxjrntnvKfhambocxexsbnjujufpKfxp
gfmirdgewf.jbiooKwrkj.rcT.G..q.p...nuw..wl.nsa.T.b.b...ep.zbce.Kbwe.ixeG.bboencbgxgtooeoKjxcrsshnebbxncgwcnwhpjnelaerT.we.faw.rdqfcwalfwkhcplkfeqoipobhfsvcnsoznldrmosybfllKTbjvznhxflsanemoKshld.oKpnhc
hjyeigixpz.b.wG...G......xaqlbteqKuaqKsmupqwehnsst.s....ceycsf.qo.g..msj.wT.cr.T.sKlckw...tai.dnsb.wr..ndr.ohmvjhe..s.wjb.ackTrasvKva.TqssG.jyTeeqywmbK.hTlavuuuKbaweaskwbkvvwzc.yz.ThochubbchbcfkTazyya
zT.sGsT..vGnu..GK...G....zG..hhj...ogvrjmecozoycgqpkosdzsmfknqKyef.c.diTbtf.xhhboeizkwhg..tbprbaoneizewhgeTnKmyhk.T.xG.ha.bfs.bbstkhc.KbkxGjbjvTthT.gnbTe.Tdcbissakclh..vl.e.T.eGowv.TyrrTfeswhveglphoan
jkiwhkt.io.v......K.i....p...o.c...hlnmemebadzda.gauyskwbjKcrdfuikc..zs.le.Kwt...u.eKKq..wqwxozKmkyhdabmchwqyufsfemnclpckwejxehKtsjguzhlzsqnwhsehcKdrxphadsswKnqqlclTlpnkyzpaybw.sewwrfehhfowxzljwzuTa.T
ocyK.Tvosrfe.m.hK.Kjos.peh.ikeyvrdebah.ppe..byK..e.lKe..udvscjThzbbtuvlfeni.whTpshfnxvdhsyylyKmpeqoheaepppncpKajjz..pkfkepqnkelTltsny.shjlT.Tm.bqa..jaTac..ecstoTdscTcG..a.zTqThclcfnyoynfcbctwecvvceabs
qa.T.gttfcjz..hlbtfihhnKkvrc.nzmomzncrokeanbosbbef.p....K.esalzT..j..cu.he.ryv.t.qjrKhn...l.oohq.qcvsTuKvl.kccnsoda.jK.ehjKihra.lhcwaxfclecplucrk.TucwTswT.aKTsKxfefpey.Teluevrcaposdxmkywuibfqdtenacnmo
vT.t.a.KocGK...r.p.......m.G.hjmG...re..nG.eau.G.T.l..GGlTm.luc.dv.T.bnTlcubqyhomKtydprxqwlaamnblalxpyesspcsfKp..fens..t..wo.TbqzjiycG.m.x..kdTyy....kGyjwKdoydexTcnsnyeaiuhxaaKfesoy.rak.TpexrTtprb.l.y
gjTK.zTqed.c.K...f.....n.rKT.d.p..GghlTioecichbschwihclmhdb.hcKqemhtbhboeizswugkphnattdsahjkaqhsuocesonnqrcxkdxcbmhzpvdqdmcssrvThdToby.eys..KK.wcr.Gqemfp..kK.tzjvTyoynfcbztwecvvchumhbeslreutb.az.v.g.n
mG...s.o.T.l.dlsvekvmhmwstqKgrdochleupyfveuenicktwrnunmqk.vdzGfKT..otvh.lb.abe.k.bcettw..GKljvrjbc.osbyihbdemebpwseojxcrsioeebdxgcTllu.peh.ykzTqsT..cs.ky.TedsklxbqhKypwfwyoonfasebpbyaeKnlyessemxvcKf.f
i.T..o.sKT.yzt.s.gg...of.t..Gy.l...vg.Tojf.Gcx.x..Gh....c.c...wTv..n.aobjcocnbnwpfwxqknjxrpxKtKzlgevwsfhKeerwwhKabyaxzlknjxrwxsseTbirwewfjtltnmeykdjbcnwibmlabflkjfoebbrilhkgnqnasstibbxpflq.TxGTg.n.b.c
r...Gk.....K.c.Ttd.i.m.uexK.abfsoKrirftdunhenyehnuocmjrrhozp.ccKybef..q.cTstnhKlTnhtmdcybhhssdas.i.is.pbcewfwcwzlplzlrwfwrrebhssatcayexcxvrrshTksm.GKn.beT.k..xvw.nszeh..kcy.mGm..sKa.beg.unT.e..sKcaK.l
K....w.t.....b...t..TGk..f.G.b.o.G.fqn.io...hf.....hj.p.p.f....G.nT..Kc.fdarowlupvlenypavTiGmjTT.e.ea..cwncssfxjaxegsxfig.rl.wagvbenoohecryrpqKlhobfKurjkxovcebfpbrnsfKkns.n.oT...t.l.alwszcemxsnbhdovtc
lKigtqjt.T.yvt.xoaK.KlfkxczT.x.gG..stzGhf...k.b.G.GqT.GTvinuicKttbcdfdwhuooirhsxwcyscfvlaxsbrxch.qTdn..kie.hpyKnglToas.hbKpy.iKwpbl.dbajzc.Gnbhfrevmsr.leusvwqfwllvd.nolyson.eG...u.mThch.dn.Ke..sKb.jTK
k.z.uh..T..m.ouKmqapa.eGToe.ek...iuewp.jq...as.....f.tG.a.cn..y.h..e..v.ta..eieqTbphnKntqfefnwhdaernoapiKitwzcdzlfKfabhboT.jTjlceKrs.vKKKcomhdlnvs.TodTzhs.wcetsx.be.lm.ywTa.f.K.v.G..nwv.lsvhp..Kva.k.w
n.GG...i.z.t.us.eKG.i.hGxxw..dnj...Kmf..k.G.tnTkpc.s....e.zsK.kh.i.i.Gg.gm.tca.eGhuhmwTn..t.cu...b.di..pezx.vercneozhkbvxnfehheocrpigiyhsfaKbrcnmoselirhapkkbpxcj.cwitw.bu.d.a......crnqoybea.asxxwf.hGe
o....o...i.wGdo.hu..sGna.qwhboGK.G.moe..ybi.etadvlpiKqkpdrbkdnadvwvrothnhijrnk.r.zKcqc.uhppacwhshencpvjscsK.gre.tdtrawksaasaaespzurhftenbpntfktfaimwdfcrbu.qw.xjepecnkgThqxb.l.G.vjef.z.lnwheGj.Gk.p.lqc
b....n.....d.ri.nyrei.n.fedtar.ea..xzq..y..Tfy.txaftxtfvhujbifbazslblynTKzp.as.d.nnrto.p..qy.o...f.xr..mkaihccqKtsoulT..leizTwkpzdubauKlcekucqdlnnxxoezwrmndbziseKKeisoncwefbcqgzwgnbKybbjklglstacaxnfnv
b....yfG.....jumkvbqimvdyqlgbuThq.dddmujkk.ce...G..qG...n.ws.tcT.a.ld.T.ob..bb.t.wb.qm.hbty..nK..m.epk.t.hzdbti..v..gK.rqxowplnplmTh.q..py.qhxcnop.x.kKfins..Tzmj.ex.ufTslywuc....x.f.fpTzfjhTh.veczrw.v
m.....KG...K..o.zTo.u.f...n.st.d.wkeshadaxjutbfddrbkyeypcdrKhkfaep.rGTTTkn..pisx.rmb.b.y..l.GmG..nGorTG..gbKTyu..psybT.rk.rTTcbyKtn.pKeiulwkwbcfsfpc.xTssbnkypwhebtceqkznbebcsgbmiychplreksusjsozfps.hGc
t....c.....K.nn.....o.s...k.noKj..Ksav..w..Txi.ecawpwwltozssdkhfehpthsaswvnahamwhxTKdd.c.dv..eK....ty.Gb.yKy.kl.ru.TcaspyjovltbewnoohsonfbxncbweKcKbabyshbcbcnnoobcnmhrKsydahwozaqdswriqssbllTn..xxh.p.e
e.....T....w.bkdv...c.rw..x.g.Gc....cy..q..lcTt....zG..sl.nT.wo.nqTyaeshbalexy.TobcvzrtfT.j.Gk.p.vsipc.o.hn.dawwKeG.jvkzrwfcbnTKkersxcwnsajxncsaaaabgycabasvcfphrphxtevv.iobGfn.GGbeK.vemevalkmultojanTa
qbmlkxwaqcwcsscnnqzsdipntqbxxyamspskphphbblhcme.pwejfxnltgp.tseuizhcnkkxzcolxnTt.x.Khs.tGGj..u.GKh.rqwG.dphK.vsd.hT.yjGrsc.rcu..sw..Gm.kflT.jbyfGkKabxcKbi.x..esw..hTiTlvbwzkekhaddrb.ylabydTveb.wtghisb
T..G.mk..e.b.GkGcla.osmnKmzplhgtchrKcK..T.s.s.yT...ilf.Gc.b..lctahe..tKKmcK.ioq.qhnpes.iT.K..cG..a.swbKhpxkapek.sq.ppu.rxn.mha..cuTtcnKkei.kwmcsoKnlgccbwb.yvccsabybajsmccvKwbcsonrlccbwbmyvcKn.fcl..ojy
jpocibnavubcvzdmxpxrcTppTGl.xKKwjTKogw.T..h.K.G....j....v.xgKfjspiswfxkenkKzalczbew.abnbbxig.lfb.b.zwgcKhpebhwwTwt.tchavboTbne..pfom.f.z.vGpcpjb.r.g.xsqwq.g..svnyteTlquibvflvbwmdcjomawyeasKxc..kvd.htb
a.T.....TG.j..m.yTKltnfztsfvhnuevjfwcvhrarbhwlKvdssshbergnbciwevibfmnvhaljscwdidsno.chwm.Gsfue.l.q.iT.Kn.brf.nbTbj..kp.vThvvdqpkymwjmouhownnvasvqcamzyakgbjlxelcyebwugdlbolsscpq.nwhzynbuybisisuTjqssace
wcahpnsldcdrfpwsijc.upjT.Ts.ytKTbq..y....Tysi..q.GT...d.l.dT.scT.c.uTfaTsy.bKl..Tawbkghrpbwrsj.o.i.lzTx..bcxGxc.kn..nf.y.b.wqob.le..ywunTf.Tceub.rlcalivke.bdoausbwdwxndsdgakpj.bkccktpepfrfaywmned.stff
ofpKGbe.gxiKvlomprjttgszc.dbKttbx..vqG.TbsunswrdqdcasvnsphrvjasrpcnbKhxamKTe.cG..oebcdTb..w.hg.i.j.semjhKxxo.ys.opG.fc.j.cTfhspyaccTsimpeeh.cncrftcwinfvebeeT.uoc.lKnn..TcuhiK....euzpxpesdcbnfl.pbagcsn
d.T..T.osl.u..p....Tv.adKcntxKzmwknvsTz.lGphg....aa.wfT.w.ra.shhnc.G..t.uTsKekmbscfnssoexchdvivpsshdsjvqTpttzosdwzKhjh.b.d.espgpbvacshwestcbmdzsmscvcnnpKeufelhbcjapeaTiisjiKKhsuzbwcph.ajnvyhwbhlndgojo
chfqi.heo.K.cgw.w.fp..bK.GK.lon.zmn.oz.Tk.zkl....Tq.pivGk.gb.yuwvglb.wfsa.tcaggcKwwzcwti.jh.neewnT..wlp.lwicelhwwsq.xpaxlymgkcylajxfoccxhoeugTfh.inclhKmlrjwepbsdjbmmhGd.vurlyvG..x...t.ad.xbbrv.mh..ieo
few..T..xKq...zb.ldbe.g...c.b.K.wKh.c..bagaamodocltccpwmrkncT.ltu...KTviothjdcmbnjoclrih..s.Ga.fc.T.bes..eit..n.whl.rpjybnTobufrdvlczfbpvgzesxdusmcwkcfpbp.kunscblahcToynaotKmfjunnuscKabnvyaacbnexzohKh
yma.c.nxiynKhwKhtcpgp.ivacshwestybhdnsmsovnthpox.bg.unv.j.gecwlgTxs..gkpttbe.u..svtnTurcbclcowcahlleftnagyyvy.Krlj..whobGnwwKKn.ndabalyskubfafiohdbmsldpyvwbqdgofefbsvbnTrct......o.vTs.aw.T.saccvcewbcs
tydpoKhublqssrbje.pnf.sGu.z.wi..h.w.rK..s.wKfeewrhqxqffefclaKemyzT....v.v.fvlKfegxKwsmnbtbvnhbmskiktcolrkinzlrvimclrehaz.m.uveoosdaapuTkoq..bbaxTadcenncwqlkhbwiTimwmytlnaedyecjeotitx..lK..wwlqhjvp.vno
be..p...u..G.....T.e.Gzpr.t.hmw.fumTjufxsibedenhpwwbczflbuqdaeh.lvycesskhKgiichrokzvakzxndbaTaleemfwcwkw.rhhsbrpKiesktkecnaqvw.Taz.TafTdab..yfro.v.skvhfl..TygenghKrnzcakocjqyKseowuszbaKi.osxuiwycvucan
acmtwbKlde.nyqkcxmehncoTT.rhvsnplTwiT.vKgKKti.f..jz.cTxafaltfKlpiw.ly.kkcfhwonlbtnmktbrkolzeKwuxakweliTb.hho.yh.yb..xsseTmiodKTabrgdlskKnwkebcvtTtGo.ponq..GsTcTn.dfKhpbTsaambyenT.cqsnskya.bcsclghhgerf
op...KT.wT...ThfjynKbdcaKKhpbanvqlhhbrllacsobyhenKbpajxvlxytzjxkKdjblhxchuKcsa.cwhulflq.admx.l..x.s.ss.k.awcvds.jp.uTvcg.s.tyztxpieKha.bndfdamfiafTnjenbKynatcp.qTqaagpsKrsT.a.KT...uqwguuwumhbcvqj.yphl
nwK.s...K.....T..tyh.gsl..p.cmu.ker.p...b.y.eoep.oa.oT..e.KcxTs.k.G...a.r.fisbKnaeacybmKbneadakgakbTjhfynhjyaayxhupaexvhobldbKwdeibqvK.ziwm.slzy.TcbsyncfnpzdmencTfhbnhyyndv.s......fya.Kc.oaawleanG.nfc
l.q.h...oGm.z.....KnKpfyg.mvrcm.qr..d...j.l.h.up.nl.mg..k.bcoGh.b.T.uks.aqvyqutfvvqeshbsanpthwxc..jtfbxwfKhdhohybiapxtfKwfiadhshcoiamomtfKficawnwsplTa.sKmwkTxqjbvydbehaemlfehoobsygaerqevlfydkcrjbzwkgc
nwj.p...d.j.e.....rw.wn.jahfwag.vom.zG..h.a.wbqt.Kh.b.G.xTgowmobTsi...f.s.vo.hul.wTpghnTmhKwabp.s.lxfu.bTktfTwcsvhsvqxapzdampnilwelhhj.mbn.acjib..sp.e.T.GTs.wcTc.t..hhTqcyplrbal.aKhlfjflf.qssdcTvyzheb
tr..iG.um..ccqK.y.piT.cr..owkqllpabadmKqmtbiechrgimhdjeob.beTGol.t.om.oGqsp.cK...mTT.TemqxbT.auzd.KprpGm.lcheKyomlwT.orwxsslcyzqlcTrlrllslcdvhal.Tjl.s.gcwszlKTnaqobykmonejKedjT...c.jhTdtba.tyb...h..sw
heviaknrjihndtK...d..soc..TkiTt.onnbaqrwqwacejoeilbhoplokwmvhzqtydcgshhhuhldshrbqqK.KycftzhnbsgaiTe.hi.s.ppK.TKhwblc.sTjbf.avKsbzehfohibbsphymbwbchcThefhknlcxkGz.w..jb.y.pwanjvkz.rwfwbonu..sTrunxysobe
va..b...b..s..v.T.f..tsibTgvizzwfkbvmsm.lkd.wfebpne.tjqewczjsnshsdpntyk.a.r.jl.TllfbyhowqdkwuncuddKkKxbftxgk..hsctyo.e.qyj.obxpihpyvwvKmvg.KTyohsfycaT.c..jaKxK.c.usbjk...h..hbK..Kp.ff.hpG..i.v..vtGTec
yb.....TyhexzhwpoksnmyncbhbwrmtpfqwKylnbainsaphq.hibcccgKusnpphaknhjiykdtopTce..cuqT.f.wd.lG.xqcs.w.fvGh.Tbqmntlzskc.p..eqikenslcnbbpepmigcKT.wK.hjnmeKr..uo.sl.w.qkcso..avpecoyebgrfppdddtjbbsekcdbbKrv
hl..s...Kf.b..v.i.t.gccb..s.v.K.Tqx.iTT.q.i.dGn.GyTKvx.hlsaxbcshzyfubwvajzbxrT..wla.x..hz.vG.lehwushiblszwiswxebwkeqcasnroadhKKfehaiihKrpTsn.cnytwntxK.....x.rK.a.Kxhma...wn.bhn...nGknTbKwgnslccKbybamc
qj..fi..lppe.Td......uhl.KsTsK.g.te.s...z.s.t....o.Tty.T...qa.no.l..xTc.gle.i..Gmho..h.hhpyatshndzKoilprmTipoaqabnblhjTedq.mwen.fTy.edmhK..aynKbvthwephuKKsoasunfcKwezvvcapysswuqqhllljbmdTT.KGv....uKfc
KlmaijlKkbsyupqulyjmwnccekyblkcaemy.f...s.h.b.g.Te..fl....mtp.rs.l..kTjqesxiwhxcepyyvrcsoszxbaywurfhdKenacshmionpzTifs.bhiphsknKn..TifwftmampbKidzbhu.GTy.wp.TK.m.mjypfG.pud..o....i.wpcsn...pTnod....ha
qn.ov..xng.s..dG.yjbsbzqansdnxjKbdwecewkzxc.q.nezmc.i....GTctnwv.qk.eepKwjllnkj.Tnwxbq.aajtw.nTwt.rtTaowbrjfhixsKnyvThawrnzyelavemevalfyznnwakbxziygqrKoKevnznismtiowvrmexxuKjibdtloyvlbqcT..e.c...T.Tqs
wl..xjG.qn.ep.rG.hmp.ihkzhxfho.w.mq.c.T.l.q.n.q.lr...m..l.n.c.ea.x..jwi.ikbm..GeGujb.u.bc.hTuf.ai.lk.c.bT.Tx.e.fnolysbqswfblcTeT.kc.KcjTe.Tv.lcbkejTa..o...qu.a.r.qxKhzq..os.Tb...Ts..faha.kbdKyhaepajTa
y...a...KK....r.s..xdqozdlcnbjqxhbhduTbTcTi.wwcGo..Tjs....h.p.vo.b..KrdsrGi.l..sslv..cuzkaw.askwbkv..plq..K..yaebnzabpcsTkainepbspnxhtl.cuhe.lrrTnoiepdmwcnaxcqkjslqKwskpaflbpxcfprknutepajKwxTssbeshs.b
r.T.b.G.mm.ug.d.f.de.TnydxeTbzgebhdnvlxekcgdmelasrsT.q...i..K.jn.k.KcbmomnaGw..bcszysdumvjaklcskwbyilzcezilqKflsbeabebcdysxcasguhwmbpiTTlhnrbaimafooywhbbrjoynetlcknyyT...ln.khs..G...elyd..q.baoyTotxjy
eodqa...kh.q..p.rn.s..Tb.euwe.oK.hko..iwesxeyyKkbqbkjaTwi.i.c.af.ni..oq.a.bGTd.aGsk..KTodf..xr.hc.b.Ts.tG..s..ibypsa.r.aefnta.w.o.a.nTTsbTTTbogTsfmocbbd.d.fehrykcctyqovh.af.pa..xgbblwvvnrgbasqlaxunwys
lqdrtpT.ehTm.yf.tcwc.xdcsntbeKsbslunfhocsehnhgnKwqbbqjirpmh.jfuefn..jokbzobvbpbvbwnkkchebhTbkwzeebtnlobmgosmvapykeev.mThjlpnpsewwcqbxnofbcqaqwxelbbhsa.r...nKTxouotenemeetnKicawaqmanumehgqorkxkfhsiiuah
Tr.j.pg.qr..Kh.GfT.dGG...sT.x..q.eK...q..qj.uc..yz.pTc....G.i.x..t..qqk.f.j.w..y.nh..eGtl..kfj.eT.xTnpwctfqcnqwyeewdnf.ptaTeysaonthoa..vwGThdjh..wKsy..s.T.df.cT.Gxy.e...d.y.kTcfrbkssKpbhciT..el.o..n.b
shfsqtuasyek..elprwsbnoKsjqulswembT...s..mxmy.z.mgT..p..G..Tt.gbpsG...d.jvxTrkmr.se..vmencrlksplavmhkxlq.swhcpfnnoeT.f.xypb.nTwsztmxx.qbpd.xmkoanqtobcncdoitniansybickfsycmbqhaxztpfsoujquhke..qcT.mth.c
Ka.h....mp..G...ho.c....p.sTrvvp.h.ey.ukwybmqKp.cKmvakacttcesKayhw..b.f.oTKGbz.r.hv..nebsp.ybpbp.jnTce.T.h....ee.i...Kbrbs.cwlfcsycwxshhioon.ficbh.kykabcfhtaGT.m.i.len..zbTaacstameosevbteppwhloliskngf
hp.t....l.G...lrz.T...v...p.p..y.c...TbdptmnsnK.r....j.....aaGrbzgT.w.bGbtzragnhacoqbnoxcqnwcjfhgnpjzsvcKlapfbpceswpfodtnKn.hbickfpTerbcpjxotljcomgfjfyKljcvsofvknwmvfhiictboinauothmvvhtys.eosnxtyq.hKn
ckt....mkyG...vnt..cxpl.prhxo.jc.b.lkp....r.T.c..yT.oaT..TlbfbcoetybcsezKmb.hG.u.ymt.s.qe.jc.e.sK.ge.v.h.h..Goolxi..cyxqpc..pjKxw.hiea.bK.Gn.rrvGelzeeud.zwtg...n.uTbgv..q.e.r..T...G.y.dmG.a.Ttbsunimnn
ipT..xGGx..qGkd....Tvresemt.ngnjicilawtoarwayendtl.pbscntewtKpvfpxa.iwc.xtximsujcfq..m.jhd.ntvokK.axKd....zn.hepfrcoszocmbvcejhhTTK.o..baKacnulbrhvcvtoevscfezpdKmladodehyzKwchsmjepesgmgwffhT.pe.cc.e.o
cscT.K..wmG...a.l...ihfxyvsomujlTb....y.Ga...ayTbcclcowcaKloKsvilierrwomrebvm..hGgl..s.bdwsdcceqbnhgpcvlehwkdnuKysnwvsdhskzjckomdblhochueecskcspnflebmrwTeewutjilhKTpl.....cec.T......K.emKbtcctbwvcexbo
exifKoihjhbK.eyGkqTT..T..tw.d..d.w..p.hT.q.j.Gs..u.G.K...oaKuotklc.xdKn.htiGo.Tb.aeT.e.pobhkKw.stunf.cKT..ptjd.bcq.odThebb.ec.nb.v.rg..ebk.q.gg..l.mr.l....e....ayKT.yu.ib.y.yabyKo.h.c.fi..kGTae.lvyo.h
mi...a..qc.K.G..nTTK.s.msyc.cGGh.r.d.Kg.G.....cGTzcyypn...KtiGowTr..a.lmqft.lpT..als.cTc..qc.t.lz.aebcsbqnmexcjpdezpaKakoTTpocct.fecer.KskTcrkx..v.ficzflosho.ieT.qnysKqctknTsbalybv.befe..ld.jwcGt.es.s
waxacsohmkuwxzh.Kck....l..xKejbhomgcccbihqKhmpcsapphqmqh.ibrccthjdctbnuoqiuemxqnKihfttoytgdcsnaeK.oeny...Tp.mszKaT.ybaesj.agw.aeifxzcqyslljwslcT.p.eepi..pwj.....Kystb....K.Tf.G.w....w.b...bG.y.T.epiro
b...GeG.wb.hxv..b.c..v.l.Ge.c.Gm.taa..r...b...rG.oc.Gs.Ts.ksjGpTGn..t.t.lorGa.c.jsp..nxen.iaTmehlmhcnpsr.chytanpsmoadexhunqsclkzngjstxhegqxffhsspcokswnfhguqkKxwpxktvnT....f.c......lsh.idT...Gsa.qdnfcn
lf...K.ucbflchmgnkncanqbncadvonkkqsmbcbsyynKpjcvknKfKrhl.GkhtonxkxnvfzclylayzpayKhsawwwKhhsvubxszcvjglrhoanagpvjiThgiwaTpaiacuoT.b.tl..cjlj..wahte.ck....fKb..sbxgcfbsdopl.gkrwhpckdssvermhdcdssbshifwry
cmGk.b..Kw....w.w.cv...T.Tn.n..oGf...Kk...h.e..u.yo..smbneoosT.Kg...qvocukntjrwb.bu.tfeao.cTTfaiyglnjp....fke.kGh.b.Tccxj.tlsTmnyengcshnhddkaalwfxfqbbw.eiloG..a.Tacis.T..c.Kp.n.t.Tbhn.hfr.s..zyT.ooT.s
huq.fbKhcvKakbtchifjfnbinscbap.ahqmqqinytcccbTsemedtnriciqawtocskzoeT.vewoc.lT...al..znmh.KvxytpsofsTr..KynGoykGk.jT.fsvhqcqfTt..y.qu..uw.joslj.Tl.yalt.yafh..K.T.hh.f...Tl.aclqimwiqywobyy.e..ib.soe.Tc
lk...j..nv..Gsc.t.z.......s.n..t.o....s...e...e.xxn.Ta.Gk.Toxa.d.GThq.xnnly.erfh.qsb.cytT.TcifsrysgxylKsdopljlk.wapv.scwaT.u..z.Gb..koTekidgwkKenk.l....tllw...c.Kmawt...htcckplyhmikmbwzclcqngwegyrnkcc
Kl.T.rG.nr.i..b.bThqukmhosaaxeaK.nvKekclzrqysKrjbbgieladdmynlrwhKjjksuqyhssydgiKfqdlmlafaxlykwoszlvc.xjksuh.fcesllik.chtn.fvGThezmglsktscrahosajahfKfnoohsjo.nbennvksavpsyedsjlT.a.GsT..wbj..G.tihG.o..b
oyysmln.evK.G.j.h.....G..ws.d..l.vx..to..sT...vG.uK.peq.l..KrpG.GTtlnfeKskqtksKvupwulyjmwznaKkhbdkcaelwqhssxKqpycsfdvnmKm.kxG.hG.e.ud.ohpbqsbrirrnnnncpcpcsksasasKsamceo.snsmyqktckjcmkcckswpT.nwooKs..w
shG.K...yi....z.o....G...xq.j.ss.q....y.TGp.xbiixwsoKtmdxrrjhv.i..hll.sqKzk.xwyh.enaKlheu.aKcymxhszu.e....vKvncakemtzknohccizowbnbhkemtzkoohcmiztwbblckemczbohke..sThT.y.ay.nahs.e.Kb...hKu.fT.uo.i.b.Tc
hc......sdKntqbxkyjmscjvbKcwrdflqkT...cbv.j...hr..c..b....Gide.b.g.l..y..kxpnoyu.rlKinotgpxa.rp.pysjKhepsorsf.c.xTtsojulfkdj.knnbjoahunedcrmsfekabbhTTc.os.coccizicclfloshozieowba.ce.e.eKclflosh.G.nTre
abr.....Tu...K..o...j...TGg.p.TsG.a...gGGkh...fm.bn.qc..t.xgwn.b.v.a....aqo.c.t.ehhcbyrg.stnerunmhsT.bsKG.iKrus.c.yv.kqtctbz..c.Th.xpwhncfamllglulbicy..fz.h.T.GG.xTxeKsssj.ikne.e..hthneez.uomhcxjnjtle
od....dyjwG.v.shr..GpTgeyajsteKknlcnk.lju.oKvex..eh..l..psTshn.h...c..y.edp.dam.Tkmskhghj.fp.praxpxbTlrqxkncdwheztmekabnjihgqitooewwhqdsrdwieslvlaxeTbrusetm....KGvTx..n.tr..Kvh.xooutmsbifcbpisps.apmKb
n..Tbcfooe.qy..osbh.gsnj.ezwphagT.....v...nl.Ts...eb.q..p..npi.zT.Gs..abKgxGwqsTdnrytdKothevqatlknrobfebtlhTrgh.TnwyT.zcyTnkGxTsn...K.nsjxnhiznrnu....p.neeKcu.iperqpknfrfbKpkTs.s..e.Tcbbdck.spb...j.ns
f.K.at.o.TGK..fw...Tudts.irahoscbabybeflnfeafxufstzpeldptcqyuiebclcosybsflbnldKsesfb.f.r...iGTzhcfxnisT.TootdbijnbumemrlwoimsknzvelhiatetmtyrhgnhacoqbnoxqjbpcxecbeftTihwobpvyfc.bhsk..es.i.p...TTfnx.vh
esp.k..s..u...hG....nKl...K.sTK.y.m.T..mirb.T.c.G.xl.td.r.nocc.b..sT..rTcde.fsonashiuqfcbeKetvvpendiqT..hwkrhkrbaenhqlpsonzfdnvstzzivkblpiaftkftfpbkgawdhcrohgtymofkihas.ahp.fnniosmcpfrKbjfdpsoz.c.T.ts
bK.qyaecugbj.ykkobokhypjbvuewG..u.i....GK.ecG.r...cunfh.dcsepqhscwbwzqnbbkkrzwp.tTbadylhfbpso.wfd.v.az..fvo..dsnG.kny.asifKxvbk.gT..t.ntjcKyef.ps...cGuTeKT..g.c..odT.tb.bzhTbhgqrhwe.xbnivihjwKk.drrfen
y..ghb.......Gk.di..e.b..Gw.f.T.s.a.acatcbtldebnyqkT.b.Gq.TKrfxK.clcibb.nru.hbnuslapvszd.vfT..G.hGh.hi..chK.l..kGTtdwjpauityhuchvtoae.um..ueloKuoc....s..g..v....oymdcsucsy.regKhncahbshmhvkk..bc.s....m
bbncap.oharjmtounhe.njc...c.i.zg.beubsbuwKfcbkszokrtbblvcdyxtatvzoihfhlkkqsoaipcvftxT.Tw.dccK.bnb.h.cn.Tjqs.bns.jeawKhhgdjpfeTTf..Gro.oslazwcheey..TTGj..l.GGGgTKwnsbjbehxt.sj.lgzwnfa.rzkfbrsedmiwcyhoe
ofzzjtfpkbhhmckcneTG..c...iTxG..v.s.t..y.....rKh.....b..v..hbqunmhdxcaxeaydyxdcrbsh....K.f...G.Tn.f.k..Tbim.vGtounhejewxKtfki.intxtvisqT..gznehnutqsdrghkoscbabybef.ahik.goTKp.eGpbnh..snbzjitblcctbocen
j.GaT.T....h..j.gi...Gn...lp..m...pTyGT.uGK...lvfsyc.gkKht.iozvtx.dcb.tryllnssnrceccjhsgkbpxtfbtfkcdsbT.zdxw..Tpuakmuldzxh.pw.c.T.o.f..whygcueklso.ifnhT.h.t.G...qTTbqaeebf.am.l.hlyr.T.cencjKcebwoeeblc
b.G.teasp.t.sdlxKnt.T.t....le.k.lKc.KT....h...oo.....rTuv.Kdhg.w.ovyhxhevldkdTf...w...e..m...TG.s.wTsry.sfisfsrqxknghnhescwhfnuosKecebtuacxshaqesbfersemdwsdbzmpvsjesxtaxbTxsqaehp.cxpforTivqghijnbakemr
h.vubohhsnhnwxn.swsbszhbbi.dwoonrkqtqfaKdxs.wsoncs.qujeytnTl.y.l.oKK..a.Tyllacv.rmlzr.hkkjhnol..r.wGth..prcxT..tw.zesjxufKkomtKx.lnythfehsqceyetn....whooppe.byzKcs..fnsrlTrlcbcd.htn.KfK.t.eTTvb.kowTpT
or...qK....T..n..s.hw.w....wb.e.b.jtbcffpwh..safT....dbooeGe.nhnvowcy.abbhstjtz.fmf.tpcr.rmsym.kphnijvsccdpntlvjvyKugTt.f.obKyadeKvtdjxnaxowmbpKm.....sc.n.GG......j..ltT..hnr.w..odz.KniGoGhTfcxpkpckha
g.Gly.jK....leyohf.ct.t..sb.knxnuic.w.Km.Kn.G.mb....asxfusrzKysosu.T.hs.n.hTvoKsyqcbhna.ztpfsopvqkqKfs.a.Tt.c..ob.szxzsKkavtT.rs.hi.ooKuagiczkvzzsskeook.agibzszwissxeoeku.whwKaTsycazbrkeKjxspznblocdcc
cgKevkpwipo.t.yu.p.ki.y.....fns.r.oeefeKoff.gxixuimgviewdxGz.jfa..G...k.x.gTq.zt.ms.T....oo.TnvvpekrhbiapoKflnKbbmecvctacipT......l....ng..e.v.un...T.n..c.i...K....KGjks.Tich..rsKpmiouaqnavorjceuxgmer
c..i.....g.hT.e..m.e.yn.m.G.w.xtk.T.j...v.l...f.a..K..ubtqrcicTbK.KiGToeKsnsh.s.KsyoT.w.Tcd.....zpjzyKrrasm.i..bq.fsphj.KobfKhqpzkjnrtsylabedinhc.al..fs.hG...w....yf.uchKuvncT..ombeGp.Kewggkkdekxnpjws
c..i......G.k.b..pGa..p...w.mxzksynshba.cbcymhjc.lyd.hsbtT.bbubh.....lwcegevn.v.d.cxKzxbaqsndzgorebrbKwrfhfihKksjvixqcgcybfhberyeiouneoKpbzbszlarowpyflaptT..kT..TG...wliauoKpbrwyrzjegTtbv.r.nvpaqhvg.i
bkKnscfn.mh.exwrrrvtwwgm....Tw..zsbrKsxfhicre..bhsl.lnssKbwsdgqt.owKuzs.shvqusc.nlwfebynecmylayzpay.o....oz.dvpzj.aKm.i.tTa....y.Km.K..s.T.gizcTeroksocifmhnehquot.To.sGbbuTnmhaKabbvgfqioaevKtksfehketk
in...e.yh...Kdbt.s.capfmxT..Gjg....gd.jT..b.s.mwgT.T..c.rncuGbob...G.cr.KiuTvGw.t.xrc....r.Ki.h.rhT.w....ot.v.ew.Gmtsnuxsolivupcvlt.ebirjn.snwfisoxemwnjhnKxsdjeeawo.Gq.l.b.z.sbnnudfmi.hoqnkoeachtnphra
hw.b.bG.n...G.m..fGT.lpe..tf..t...G.c....ewceumen..Ttoenjltwzsjcojt.qpmjyarqhgljscsxbbubhkjyjuitafipxytmsoopnuicifvhezsvca.G...h.vh....ryT.b.Kn.k..l..gT..xsmhkwbexssiwzsTp.yq.yTlznsdaciKdilebbtnjicxte
q.fx.h.voT....s.GvTGu.KzK.Gc..t..GK.b..G.GmfmGbce.K.v.qbkvdf.yno..qK.KeGcyc.o.a.n.hiv.Tp.dTvsqlgifhhvt.eafuea.zlKsspfynGf....Gjr..d.Tqyvpm.q.kt.apT...bKpTj...e.qrfoG.t.c.b...yhcavwcelwjccsqGaT.btTktbb
u..zj.fbkbtchiljrnbinsapahqmqhinebcccgzpnfenyslcvesgkni.a.gm.kjsTt...ni.ivzGb.fGsG.oy....K.jGnhkomhTtn.m.et.b.ejt...hsp.a.G...TqlylbglelcchnibKcnkfwsatpgfyaycqgKaotppmsancwf.ensvhpllmonwrTnTjy.nxgjsse
q..z...zT.g...r..nyGb.c.sKq..dj....pt..Kysc.db.cuo..i.m.y.seinmafk.nytubnjiKt.b.q.iqxdeK.qGn.nzlnkTtnT..Gbf.f.anv.mTkys.w......K...GbfrhkklmsvxwtTw..Gmnt.eG.Gi.GhhTy..Ky.aGlo..yc.KbTccbidbqtxehxnsabon
hbGn...T.x..GGk..cs.hT.....K..x.T.fwb.Gpsbs..cmbra...Ky.vdqhTodtsoxibndwcvodmhpckcouiosuapmsTvjwagmxmfdactaekbhetzcKnbassabysKqnKbcccgohnKbebxh.idscbnKuz.adrsooojtonzwsidahpxroqgheu.funspbpartTkTcmTmc
mk.xcanqbnKdvon.skomhhbkattlczf..acsah.w.mc.tbt.c.f.j.p.e.KfGbcT...K.tf.zlbtT.s.u.oue....w.Tsfxtsqhbmolfncnbi..otvkijTsTKw.Gf.blfnnKhs.onysnTin.h.e...fhn.u.g.e..sKnflcccflnvohoepbKhacfknoaupws.hldkKpw
p..pkxG........G.to.u.....Kc...T.K.wo....bwbyso.zwctnahyw.anhtdT.G.c.txTKewon.o.tknphcdsybitosjyebtdanq.bjxl...T...ll.tKtcT.T.nruln.klaqerhcanesilbbcsibzKfneinujnnsftafb.n.y.Gr.b.qgmy.vyckTGxi.uKec.uq
aGGbdh..v....KKG.do.u.mjG..c...vvtnlhT.iuTr.xy.aiT..k.qyf.ylhmrKbc.bbhsnyskKxmwKnbeexifwsfpmprjdnemsKkwcqnctyasKrindithTqw.lw.ir..l.bK.mjh.j.nioj.xgf.hug.j.e.rT.dz...o.h.lTb..y.u..tqrTeeee..jsGnlbp.sb
st.cjjzb.s.fhkkokybnoyqkibsuxcKdstsibssyedxwKnpetum.hbd.dwjfftfebmhlabzoTpywcnfcwckvwzammntvswttguzKvkTmnvbuf..Tmwhsnffclhmosegd.ih.lf.lxj.p.ih.p.p...iejGs.t.o.oKeqhegTsTysssegattrjefdjvlmgvdfadenkoyp
ov.t.baocwovnhnhevyK..e.GTar...h.GGn...o..chiklybn..f.r.d.ze.ep...p..okhGdsv..d.wdfyw.G.Gcn.qxTmnbKeTosmcbsyneKpo.sqkbpifph.ufbeecuqccsnrcsodsssbdn.T.whs.w.q.a..lsTK.y.m..ha..enz.KbwwjzkvkGGqTj.hsp.er
i........T.......oe.T.u...b....qu..Ki.K...egqKxswK..e.o.bhhbnef..G....j..ru...scn.ihi.K..bhwkeebshsnlwnhnshhobteaqptTxhdvcKpawpnsuaTovaewuhepaspneuaoqwctnxfextqbbgrbabahmcanpxhtlsshadwisdbwKtjTTeha.ee
K.......G.l.K....uaG..a.yzhrT..m.K.o...de.gpapkhkphhifKblhgzjcKttg.zsokwT.dqegvTqtcfx...KTzrqrzlemfcshhs.beeo.ebcqjbpwcadspsswabysjgcccbuhwqhpTnk.cTnicqx.g.x.h..y.mc.o.a..iTh.nonm.ffwsvsabjhepeuusc.hb
n.cg.jhT...o...a.be....G.enu.bbdqsegdcclbhwyphKmcmdhokofejluksiabadglnrbayyoocnnscbkuceekgeslmhqcbnqzsdiehtugbpcctnfchdlKpegvfattsTshwceeb.shqnTnbwnsTplhnoswofnfpbogaohsbwezcieoeycdivdhsybfkzlT.hnfGie
c.n.G..G..G.....jly.......yq.TGm...ut.xe.K.hkdxcsodyyacbrnTm.mj.l..G.ft.....e.z.tG.r.T.G.wrThmbbduoxfebegacynkccqwgyynsdfchakvinbni.laKcxctrKimaesqcshbre.hbraamhmuytawysiTsskdq.h.zfsnjmcwh.jef..nmcsoq
k.........T.....qncTTy..G.icleulqlygeyngnqbncmp.TklKTwu.ql.idlcpiwvdqibcKacnntidgitgebtchiijfnbinsbapahqmqqinrtcm.e.ebs.v..nn.rs.cTGib.esn.i..e.s.dKn.hxg.K.x.o..zTgwGg.ceizqnuchspouhdneTia.jea.Tueu.oe
c.Ks.aioihsotyyxcolK.G..zGx..G.iGT.b...h.vcbbTpGkhldivuwKibjskaTGK...cb....swengwTrdikxKhrtchfisoxitkvqnhcuonbqxcapngaz.f..ihT.r.jTrvsyeshwszandwepsskbpjTsxjueouh.hz.e.c..qdq.l.r..cxebd.heozrhiginhsfi
m.nxo....T......Ta...T....hij.TwkybckunKqkcdwuncsnmcblkcaddo.xu..Gu.qb..u....Tt.wThykabcfhoeycdivrhswbfcclsjnfKawkiKsKtenacshmzonhpKgnepeeoigechleuksdchpdkcpktcfj.pj.lTv.mte.Th.cT.jefsbmbmcwia...cknsw
h.yc....x.T...TlfbT.......vkm.lT...u.....TlTaG..jnbwK.f.hajs.wp...K..ht.K..G..b.paaebygascsfcswfrfalqplfTtolnhdeenfiaoskefngnhwjcounpcesgrkhiejqmnKwssdaT.eT...G.zTzjimhdycKmqKenjxccmoofefnhthbekcrpmKb
h.....T.T.trtlkkyT...s...cTayotby.ko.kkhf.f.b..ibvwrk.xKebrp.aj.K.T.dsl.......d.hogcp..TkheeonKqxtbesynkcdwwsahiiuolheKlgpxTlnbl.kwok..hhm..h.KTebKackowc.g...ccbw.oe.ebshsvnTl..me..lteuslT.gok..m.dbgK
b.s...iosolo.ngpsmhhbkaftjzzfnoT.n.l..Gc.sn.l...kfqmcmipKanwKltcgg.zsybbbmqsemcgduKbmvptqumuhiehxbTkGTrmqagsrsrepmzbtsebbcbmcuTlckwsryasfisrrqekKyed.TcThghnescnsssbeeavwcccbwnzipwebncxceluenjbtjpTffdn
k.c..Tnnzkkqhvmqbctt.amdu.ambhjsT..p.K..KTKhh.hcvsoenibjzzsbKoo......blj.....ukgrhbbk...Ktcszincbk.v.bbrwTe.vslznamKsfe.q.w.Kv.cnhsoprTnz..isTbnaTiqzgwns.fTn.b..g.w.Gheby.batcwajarjeTcu.yqlkddm.lckzkm
a..k...K..l..m.lu.t........cG.al...e...y....lG..nr..a.wsmslbgwT.....TacsteaatcfsmspabhwjkposvercwsggTya...xhqzxqfbhnmucglucrmbbbqraicapfsicsehngTvwcTmbio.zTkcpjjq.ng.agz..lKwubmghostbosjyy.Kjsv.f.dpro
fxep.n.dhKbowuTae.u.T.K.T.esidnscKokTT...GTsb.T.opoxw.xTlkswfcbpnecmnwrhzT.T.TtbftxtgmxsnbbutlklbsbT.tyx..TqxktnchvnemiormwrwnvnozhnhrcwrkrKccuecdbabsskbeecwccczwTf..Thijjbakefmrcd.oauTcm.mbtysTa.mkbs
t.n.T.....s...Gib...l.....oeTKihT..Tcvgfotdllviatmk.l....upccqpdlepzhsftonbswrzmxnvasxroldalnfiaoyTohKiotekfnishfnchifohaiewrfTbkpTzswTcnemosegbeecuqccjn.rw.re.bKcaepealiKeahtcKfnctuTmkce..ahhschTjssh
j.gt.KbG..b.Tf.pt.iG...G..jg..dTkhxmwfn.o.dio.wsfpqT.Kl.Kleo.K....hTn...bwylhpmcmfpTefbvcosltutsgovoKoyy.ns.mrtebia.nal.d.ai.cGKfmmcfs.rm..al.j...ncneTc..n...e.Ge.o.G..fpav.kfky.e..ruaoan.nnnadyKcjydl
z.cb..KT..u..Ta.z......Kw.et.ahK.G..e.....d.v..kkyorbgacyayfgnza..u.we.iKhcfnljh.lkGpfrct.qoxpqqek.kmbTpihkqmojmwb.TorKerwbdccefarjbKgyxhnheifhhsbmomepvnnlbofgtybTb.g..nk...crp.ThcuonbqcaneazesKkeecio
z.aeG.....e.....u.T..h....pe..r...b.t..sp.o.qG.eeqhTTG.Gvetl.dq.z.sdiTG.kb...ytvTcchaeytqabfhafebKTz.lbatklTy.coqKneoho.lnTc.eGTos.cnnitTmtejsyKKuoheyqcwrcovksbnjihityakavfrcenaKnnbjbfwhlmzmdnnzT.hfpT
fKxu.T...sb.....k.d....G.rid.htyytzwpocmhtckcouiosuapm..padsiiuocnpcph..gl....KG.bn.jqGwx..ldqaThdnvlxekclzrkddgeqKzkepT.l...j..scKtme.nrrcnerwdKcKfncfrTTxscKc.fkGr.x.miyyipblTbygbqwcreberaisaphwrxtsj
x.e.TtfxafpxtfvckspbaondutovyccfevyakinbjivTshownnnjKsnyso.ohdmfmqhpymKqccqspbeysKuqsKhtswcxdcsnaexacsohmkuqhzhcackbdscThmvhlcyagofhio.o.u.gb.v.nnvkdnsqqe.ejafakKozlbKunsjcTwc.Kbv..e.vhcdfuKicTj.Tnfdi
j.as.s..G....T.Tc...g..nG.uer.cK......x........o.mbt..ax........s.h.hdlstcT.zebf.rtGhh.lcT.sGg..TTdKgGmnTecyvlfhe.Tsa.qgGqslKc.me..sy..jTlcnn.eT.tlrytldd.ysz.skls.k.w.GrckTaKT.fkk..b.nbfpTb.rsqdpegdng
b.n..k....z.i..KG..f..u...ns..i..K.....k......Tkzda.......gm...b...TsbehzdKcnfhw.pbeamrhqcohmjmbbybTn.xnKf.sn.paTedhalh..p.u.nTlyhbzsgzmsgqnksjbhsvburbxv.hcnTn..nTfTfaxotcxaffxtfeT.a.thnk.pGdhoz.rrKes
tG.t...f..q.....j.G.m.....bi..hGG......n.GK.G.gh....Tb.GdT.v...Ts...mvuffgokdchT..e.wp.tencoxytsamTce.bKfcxltifixqnzpzt.mh.psdtcccbblnhumklylnsgKypnotyeyTcmTlmhsm.b.py.fsG.s..uTcxyTjfnenm.gramsy.evzbj
tmsn.m.G.Tk..T.hG.Gp...w..ha..g.....G...f.zb..Ty..iTcnbiosapmh.mpasowcdhdccrhbmacspzraxh.dto.hT..cG..ToT.hgmiTjsKjcsupotiabnihhqpo.aqwbKllse..issdcbphhw.xtsjseidsbykxgbsf..ie.bysovrKhKnnlcghhkvcxkrpcn
gKclnswneo..Ka......m.....us..v.......bn..........tik.f....hK..h..G.pngybz....ckcnniosTdKGTsbeaecwlccsynwoshioTmnunexbuabfKnrirebduba..naKanG.hK..ehspyikujfewnxyn.s.tyvskupbaosdusuknhx.msTsKpuwxsqjkct
z.dz.o..bto.GK...G...m..q.ul..c....To..u.....neoegospuscjcmjkpfmdcothtxcrKTtG.e.Kbz.zyhyeathkcbceg.p..u.ij.j.oGk.s.wown.Ggzd.h.ncT.kpTKtwKTo..z.G.enhTshoorlfercdqwhhboefsoehcukcniwiTTccidh.Gxn.n.oTuky
x.onbbaocwcv.Knhevwcqku.hbnuGmbt.o.....i...m.wKe..d.m.T.j..aa.G..G...zeoTd.Kr.y..efbcbedsvrsgu.fegcckcnKllnbanaskaihuffeuyzscpehc.wcy..x.T.z.Kn.T.lco.G...Ts.Kr..rGd.d..td.tniKevdfmTeauenpsaprhuhbzblxs
sTdudecftox...G.....c...G.fe.GeT..x...hcj..K.e.bwh.Gh......sau..c..T.nsTTb.GGhm.runve.duTsan.gwrxsnwigbjntyblfkl.slyxiwefmuklyhecdofaebmbfkmrxbyyakkntrfgucanpcwjeTmTcGgkc...q.e.aco.kot.dn.Gnfnhabkbdst
xbTtjTGT.ps.....r...Tb.dKtwdgknb..y....jT...Tncv....h...G.doq..Te...ebqKbKTlmqlbbwone.ke.i.m.b...w.K.bK..s.gfi.u.uc.Trh..ewo.Tzgb...hqmqqlnhscanethynmdbkwahaKnjplci.c..fx..rb.e.lysTrheTeeluzqgbshoobch
csGsxvdcrpxx.sT..G...r...Gwx.Gko.......t...G.z.uxl.Gb..T..KirT.afcxttiT..i.s..z..nwtb.ob.aTe.jauxharc.vtotnidctbnuoqsuemxqne.iaynd.paiantw..nxaKeeKsKT.Tc...GTKrwdcwcechxtebbgck.srp.mwzTbsKzsgtgyqceipk
on.qx..b.uz.lx.i......T.K.vw..Kt....T.TbG.....Kedh..k......bu..xd...cct..o.y.nr..ex.swanGr.n.f...r.d..j..o.epb.m.lq.jebewxotf.or.oeKb.shsufmeccbqrzritoeycdivdhsabfcnbncbKlyoicheimbhscpkzbpKfheurfKebap
kr.nttK.ssK..nG.tdvyathevpaknroiqddtepvcG....w.reb..a......bqK.tG.nc.o...s.q.bn.zhdbh.lfgktcoyrwbqywbmuohwrywhqKTKlG.ba..qnuT.TotpzbsdclmcpnyKomnwtyeidqf.iuwyd.msdyop.cfv..Kpevwlwfadtnspnj.oaeoopfbfed
ue.qvbtt.cxmzzwsbnKf.s.hzpmldKcfcxonecvf..G.bg.zypT.f.y....dK..f...G.p...a.w.oh..seTslmcbbertk...v.b.xz....aqsTke.c..hq..rec...oT.rsbw.dga....bTK.zpfnfssrwxqpncieoeTc.Gto..iTec.ewTcwK.ntt.TTexcrcn.Tnc
zbp.zvjr.onxsxzgrnjv.tbvodbbntewgkbbozhfw..GTtojso..t..G...gq..v...Khg.G.pGzTihyvhyqifhequsmlkswfebpnecmhladzyogtqah.ilqleca.iewuviloexunzysybassabysTlTqbwmeKdrci...n.TxpbkkpahrixplefTpahuzbTotwveh.Kd
tm.aoo.y.jKykpfmncoqhtxc.rbdfzw..KG.G.vp.dr..s.gq...j..T...sgK.c...Tqaa..h.l.TK..isGd.ac.rKe.o..foue.pfwso.vgbaTuK.T.sytcahescxf...ndcKdnKaT..h.a.TfisoekonqbwccbhycKKjrsbtjounheeT.b.Tbkwsftacsaoisnsas
bnfcicdzecvmzeaodbenngoKonflccbfnvowcopwcitlcqcubbt.z......cjK.j.T.G.wG..h.c.ThnotqobvdpeckkhbT..p.i..m.Kx.l.aytncauebe.hovofzvecl.xdv.cef....xTbG.nsiGxrK.xe.jq.i.Gr..Tcp.f.isb.i..measmytanasiKpxroqKs
e.m.hy....a.T..KaKr..o.TfTpkk.Tv......ofG..n.neqd..vz...dT.xm..p..g.boihyvhmqefpznb.llqz.hnuTTszcvejvihzcwwKksbTcbttccjcxahq.irsvv.dbv.zhw.g..t.wT.mdf.eK..vb.e.swk.bnahqslKenknKoiditzxvuxml.wfrfgs.Tsn
uwehfcbKT.b..z..o.TG.c..K.oc..sise.T..t.G..k.wl.d.adf.G....tcGKi..o.TeKG.m.efTeT.sdfzraenqabh.ljdgyigdetnnctyc.cwlcce.hTtThebKmclh.hpcssKso.naKveibeimakooykvhoerpnoyhwtvrknyyfeekefgolybbhxtqbctsThccie
bydhhlKwtcv.K.mTnG.iwnG.v.wbK.l.m...T.d..t.....akphwcwT..T.hht.m....hc.t..Tx..s.ufd.l.mc...n.h...f.h..tGrt.phaaeT.g..gb.x..a.omntpebie.jnc.sqwifisoxeK.ndoorfecmbbT.Tc..vc.n.ga..xGgndbehsswpuprdrqshcfs
sylkltnbbaocwovnhnhevwcqsuuhbnurlpeKoefcmjKilcqurqaaxTfaxtfvcjpiKlqkkKfbaonlbtovyKthevyaknrjiKKdtopvwvdqdrrdThcKcemwbcclfnoshoonfebybaKcsoharKstounhenTgnhnusnKnshsbeecwbcccbwceebshsnmencrcnekrshccbech
